Copyright 1986-2022 Xilinx, Inc. All Rights Reserved. Copyright 2022-2025 Advanced Micro Devices, Inc. All Rights Reserved.
---------------------------------------------------------------------------------------------------------------------------------------------
| Tool Version : Vivado v.2025.2 (win64) Build 6299465 Fri Nov 14 19:35:11 GMT 2025
| Date         : Sun Jun 21 01:53:56 2026
| Host         : robot running 64-bit major release  (build 9200)
| Command      : report_utilization -file G:/UESTC/feitengspan1/vivado/jfs/reports/jtag_full_span_utilization_impl.rpt
| Design       : jfs_wrapper
| Device       : xczu19eg-ffvc1760-2-i
| Speed File   : -2
| Design State : Routed
---------------------------------------------------------------------------------------------------------------------------------------------

Utilization Design Information

Table of Contents
-----------------
1. CLB Logic
1.1 Summary of Registers by Type
2. CLB Logic Distribution
3. BLOCKRAM
4. ARITHMETIC
5. I/O
6. CLOCK
7. ADVANCED
8. CONFIGURATION
9. Primitives
10. Black Boxes
11. Instantiated Netlists

1. CLB Logic
------------

+----------------------------+------+-------+------------+-----------+-------+
|          Site Type         | Used | Fixed | Prohibited | Available | Util% |
+----------------------------+------+-------+------------+-----------+-------+
| CLB LUTs                   | 5943 |     0 |          0 |    522720 |  1.14 |
|   LUT as Logic             | 5704 |     0 |          0 |    522720 |  1.09 |
|   LUT as Memory            |  239 |     0 |          0 |    161280 |  0.15 |
|     LUT as Distributed RAM |  180 |     0 |            |           |       |
|     LUT as Shift Register  |   59 |     0 |            |           |       |
| CLB Registers              | 5232 |     0 |          0 |   1045440 |  0.50 |
|   Register as Flip Flop    | 5232 |     0 |          0 |   1045440 |  0.50 |
|   Register as Latch        |    0 |     0 |          0 |   1045440 |  0.00 |
| CARRY8                     |  538 |     0 |          0 |     65340 |  0.82 |
| F7 Muxes                   |    4 |     0 |          0 |    261360 | <0.01 |
| F8 Muxes                   |    0 |     0 |          0 |    130680 |  0.00 |
| F9 Muxes                   |    0 |     0 |          0 |     65340 |  0.00 |
| Unique Control Sets        |  185 |       |          0 |    130680 |  0.14 |
+----------------------------+------+-------+------------+-----------+-------+
* Warning! LUT value is adjusted to account for LUT combining.
** Note: Available Control Sets calculated as Slices * 2, Review the Control Sets Report for more information regarding control sets.


1.1 Summary of Registers by Type
--------------------------------

+-------+--------------+-------------+--------------+
| Total | Clock Enable | Synchronous | Asynchronous |
+-------+--------------+-------------+--------------+
| 0     |            _ |           - |            - |
| 0     |            _ |           - |          Set |
| 0     |            _ |           - |        Reset |
| 0     |            _ |         Set |            - |
| 0     |            _ |       Reset |            - |
| 0     |          Yes |           - |            - |
| 41    |          Yes |           - |          Set |
| 184   |          Yes |           - |        Reset |
| 41    |          Yes |         Set |            - |
| 4966  |          Yes |       Reset |            - |
+-------+--------------+-------------+--------------+


2. CLB Logic Distribution
-------------------------

+--------------------------------------------+------+-------+------------+-----------+-------+
|                  Site Type                 | Used | Fixed | Prohibited | Available | Util% |
+--------------------------------------------+------+-------+------------+-----------+-------+
| CLB                                        | 1407 |     0 |          0 |     65340 |  2.15 |
|   CLBL                                     | 1041 |     0 |            |           |       |
|   CLBM                                     |  366 |     0 |            |           |       |
| LUT as Logic                               | 5704 |     0 |          0 |    522720 |  1.09 |
|   using O5 output only                     |   96 |       |            |           |       |
|   using O6 output only                     | 3638 |       |            |           |       |
|   using O5 and O6                          | 1970 |       |            |           |       |
| LUT as Memory                              |  239 |     0 |          0 |    161280 |  0.15 |
|   LUT as Distributed RAM                   |  180 |     0 |            |           |       |
|     using O5 output only                   |    0 |       |            |           |       |
|     using O6 output only                   |  160 |       |            |           |       |
|     using O5 and O6                        |   20 |       |            |           |       |
|   LUT as Shift Register                    |   59 |     0 |            |           |       |
|     using O5 output only                   |    0 |       |            |           |       |
|     using O6 output only                   |   58 |       |            |           |       |
|     using O5 and O6                        |    1 |       |            |           |       |
| CLB Registers                              | 5232 |     0 |          0 |   1045440 |  0.50 |
|   Register driven from within the CLB      | 2164 |       |            |           |       |
|   Register driven from outside the CLB     | 3068 |       |            |           |       |
|     LUT in front of the register is unused | 2879 |       |            |           |       |
|     LUT in front of the register is used   |  189 |       |            |           |       |
+--------------------------------------------+------+-------+------------+-----------+-------+


3. BLOCKRAM
-----------

+-------------------+------+-------+------------+-----------+-------+
|     Site Type     | Used | Fixed | Prohibited | Available | Util% |
+-------------------+------+-------+------------+-----------+-------+
| Block RAM Tile    | 10.5 |     0 |          0 |       984 |  1.07 |
|   RAMB36/FIFO*    |   10 |     0 |          0 |       984 |  1.02 |
|     RAMB36E2 only |   10 |       |            |           |       |
|   RAMB18          |    1 |     0 |          0 |      1968 |  0.05 |
|     RAMB18E2 only |    1 |       |            |           |       |
| URAM              |    0 |     0 |          0 |       128 |  0.00 |
+-------------------+------+-------+------------+-----------+-------+
* Note: Each Block RAM Tile only has one FIFO logic available and therefore can accommodate only one FIFO36E2 or one FIFO18E2. However, if a FIFO18E2 occupies a Block RAM Tile, that tile can still accommodate a RAMB18E2


4. ARITHMETIC
-------------

+----------------+------+-------+------------+-----------+-------+
|    Site Type   | Used | Fixed | Prohibited | Available | Util% |
+----------------+------+-------+------------+-----------+-------+
| DSPs           |   78 |     0 |          0 |      1968 |  3.96 |
|   DSP48E2 only |   78 |       |            |           |       |
+----------------+------+-------+------------+-----------+-------+


5. I/O
------

+------------------+------+-------+------------+-----------+-------+
|     Site Type    | Used | Fixed | Prohibited | Available | Util% |
+------------------+------+-------+------------+-----------+-------+
| Bonded IOB       |    0 |     0 |          0 |       512 |  0.00 |
|   HPIOB_M        |    0 |     0 |          0 |       192 |  0.00 |
|   HPIOB_S        |    0 |     0 |          0 |       192 |  0.00 |
|   HDIOB_M        |    0 |     0 |          0 |        48 |  0.00 |
|   HDIOB_S        |    0 |     0 |          0 |        48 |  0.00 |
|   HPIOB_SNGL     |    0 |     0 |          0 |        32 |  0.00 |
| HPIOBDIFFINBUF   |    0 |     0 |          0 |       264 |  0.00 |
| HPIOBDIFFOUTBUF  |    0 |     0 |          0 |       264 |  0.00 |
| HDIOBDIFFINBUF   |    0 |     0 |          0 |        48 |  0.00 |
| BITSLICE_CONTROL |    0 |     0 |          0 |        88 |  0.00 |
| BITSLICE_RX_TX   |    0 |     0 |          0 |      3432 |  0.00 |
| BITSLICE_TX      |    0 |     0 |          0 |        88 |  0.00 |
| RIU_OR           |    0 |     0 |          0 |        44 |  0.00 |
+------------------+------+-------+------------+-----------+-------+


6. CLOCK
--------

+------------+------+-------+------------+-----------+-------+
|  Site Type | Used | Fixed | Prohibited | Available | Util% |
+------------+------+-------+------------+-----------+-------+
| BUFGCE     |    2 |     0 |          0 |       280 |  0.71 |
| BUFGCE_DIV |    0 |     0 |          0 |        44 |  0.00 |
| BUFG_GT    |    0 |     0 |          0 |       456 |  0.00 |
| BUFG_PS    |    1 |     0 |          0 |        72 |  1.39 |
| BUFGCTRL*  |    0 |     0 |          0 |        88 |  0.00 |
| PLL        |    0 |     0 |          0 |        22 |  0.00 |
| MMCM       |    0 |     0 |          0 |        11 |  0.00 |
+------------+------+-------+------------+-----------+-------+
* Note: Each used BUFGCTRL counts as two GLOBAL CLOCK BUFFERs. This table does not include global clocking resources, only buffer cell usage. See the Clock Utilization Report (report_clock_utilization) for detailed accounting of global clocking resource availability.


7. ADVANCED
-----------

+-----------------+------+-------+------------+-----------+--------+
|    Site Type    | Used | Fixed | Prohibited | Available |  Util% |
+-----------------+------+-------+------------+-----------+--------+
| CMACE4          |    0 |     0 |          0 |         4 |   0.00 |
| GTHE4_CHANNEL   |    0 |     0 |          0 |        32 |   0.00 |
| GTHE4_COMMON    |    0 |     0 |          0 |         8 |   0.00 |
| GTYE4_CHANNEL   |    0 |     0 |          0 |        16 |   0.00 |
| GTYE4_COMMON    |    0 |     0 |          0 |         4 |   0.00 |
| ILKNE4          |    0 |     0 |          0 |         4 |   0.00 |
| OBUFDS_GTE4     |    0 |     0 |          0 |        24 |   0.00 |
| OBUFDS_GTE4_ADV |    0 |     0 |          0 |        24 |   0.00 |
| PCIE40E4        |    0 |     0 |          0 |         5 |   0.00 |
| PS8             |    1 |     0 |          0 |         1 | 100.00 |
| SYSMONE4        |    0 |     0 |          0 |         1 |   0.00 |
+-----------------+------+-------+------------+-----------+--------+


8. CONFIGURATION
----------------

+-------------+------+-------+------------+-----------+-------+
|  Site Type  | Used | Fixed | Prohibited | Available | Util% |
+-------------+------+-------+------------+-----------+-------+
| BSCANE2     |    1 |     0 |          0 |         4 | 25.00 |
| DNA_PORTE2  |    0 |     0 |          0 |         1 |  0.00 |
| EFUSE_USR   |    0 |     0 |          0 |         1 |  0.00 |
| FRAME_ECCE4 |    0 |     0 |          0 |         1 |  0.00 |
| ICAPE3      |    0 |     0 |          0 |         2 |  0.00 |
| MASTER_JTAG |    0 |     0 |          0 |         1 |  0.00 |
| STARTUPE3   |    0 |     0 |          0 |         1 |  0.00 |
+-------------+------+-------+------------+-----------+-------+


9. Primitives
-------------

+----------+------+---------------------+
| Ref Name | Used | Functional Category |
+----------+------+---------------------+
| FDRE     | 4966 |            Register |
| LUT3     | 2050 |                 CLB |
| LUT4     | 1781 |                 CLB |
| LUT2     | 1714 |                 CLB |
| LUT6     |  733 |                 CLB |
| LUT1     |  728 |                 CLB |
| LUT5     |  668 |                 CLB |
| CARRY8   |  538 |                 CLB |
| FDCE     |  184 |            Register |
| RAMD64E  |  160 |                 CLB |
| DSP48E2  |   78 |          Arithmetic |
| FDSE     |   41 |            Register |
| FDPE     |   41 |            Register |
| RAMD32   |   36 |                 CLB |
| SRLC32E  |   34 |                 CLB |
| SRL16E   |   26 |                 CLB |
| RAMB36E2 |   10 |            BLOCKRAM |
| RAMS32   |    4 |                 CLB |
| MUXF7    |    4 |                 CLB |
| BUFGCE   |    2 |               Clock |
| RAMB18E2 |    1 |            BLOCKRAM |
| PS8      |    1 |            Advanced |
| BUFG_PS  |    1 |               Clock |
| BSCANE2  |    1 |       Configuration |
+----------+------+---------------------+


10. Black Boxes
---------------

+----------+------+
| Ref Name | Used |
+----------+------+


11. Instantiated Netlists
-------------------------

+----------+------+
| Ref Name | Used |
+----------+------+
| dbg_hub  |    1 |
+----------+------+


