Copyright 1986-2022 Xilinx, Inc. All Rights Reserved. Copyright 2022-2025 Advanced Micro Devices, Inc. All Rights Reserved.
--------------------------------------------------------------------------------------------------------------------------------------------------
| Tool Version      : Vivado v.2025.2 (win64) Build 6299465 Fri Nov 14 19:35:11 GMT 2025
| Date              : Sun Jun 21 01:54:09 2026
| Host              : robot running 64-bit major release  (build 9200)
| Command           : report_timing_summary -file G:/UESTC/feitengspan1/vivado/jfs/reports/jtag_full_span_timing_impl.rpt
| Design            : jfs_wrapper
| Device            : xczu19eg-ffvc1760
| Speed File        : -2  PRODUCTION 1.30 05-15-2022
| Design State      : Routed
| Temperature Grade : I
--------------------------------------------------------------------------------------------------------------------------------------------------

Timing Summary Report

------------------------------------------------------------------------------------------------
| Timer Settings
| --------------
------------------------------------------------------------------------------------------------

  Enable Multi Corner Analysis               :  Yes
  Enable Pessimism Removal                   :  Yes
  Pessimism Removal Resolution               :  Nearest Common Node
  Enable Input Delay Default Clock           :  No
  Enable Preset / Clear Arcs                 :  No
  Disable Flight Delays                      :  No
  Ignore I/O Paths                           :  No
  Timing Early Launch at Borrowing Latches   :  No
  Borrow Time for Max Delay Exceptions       :  Yes
  Merge Timing Exceptions                    :  Yes
  Inter-SLR Compensation                     :  Conservative

  Corner  Analyze    Analyze    
  Name    Max Paths  Min Paths  
  ------  ---------  ---------  
  Slow    Yes        Yes        
  Fast    Yes        Yes        


------------------------------------------------------------------------------------------------
| Report Methodology
| ------------------
------------------------------------------------------------------------------------------------

Rule     Severity  Description                   Violations  
-------  --------  ----------------------------  ----------  
LUTAR-1  Warning   LUT drives async reset alert  5           

Note: This report is based on the most recent report_methodology run and may not be up-to-date. Run report_methodology on the current design for the latest report.



check_timing report

Table of Contents
-----------------
1. checking no_clock (0)
2. checking constant_clock (0)
3. checking pulse_width_clock (0)
4. checking unconstrained_internal_endpoints (0)
5. checking no_input_delay (0)
6. checking no_output_delay (0)
7. checking multiple_clock (0)
8. checking generated_clocks (0)
9. checking loops (0)
10. checking partial_input_delay (0)
11. checking partial_output_delay (0)
12. checking latch_loops (0)

1. checking no_clock (0)
------------------------
 There are 0 register/latch pins with no clock.


2. checking constant_clock (0)
------------------------------
 There are 0 register/latch pins with constant_clock.


3. checking pulse_width_clock (0)
---------------------------------
 There are 0 register/latch pins which need pulse_width check


4. checking unconstrained_internal_endpoints (0)
------------------------------------------------
 There are 0 pins that are not constrained for maximum delay.

 There are 0 pins that are not constrained for maximum delay due to constant clock.


5. checking no_input_delay (0)
------------------------------
 There are 0 input ports with no input delay specified.

 There are 0 input ports with no input delay but user has a false path constraint.


6. checking no_output_delay (0)
-------------------------------
 There are 0 ports with no output delay specified.

 There are 0 ports with no output delay but user has a false path constraint

 There are 0 ports with no output delay but with a timing clock defined on it or propagating through it


7. checking multiple_clock (0)
------------------------------
 There are 0 register/latch pins with multiple clocks.


8. checking generated_clocks (0)
--------------------------------
 There are 0 generated clocks that are not connected to a clock source.


9. checking loops (0)
---------------------
 There are 0 combinational loops in the design.


10. checking partial_input_delay (0)
------------------------------------
 There are 0 input ports with partial input delay specified.


11. checking partial_output_delay (0)
-------------------------------------
 There are 0 ports with partial output delay specified.


12. checking latch_loops (0)
----------------------------
 There are 0 combinational latch loops in the design through latch input



------------------------------------------------------------------------------------------------
| Design Timing Summary
| ---------------------
------------------------------------------------------------------------------------------------

    WNS(ns)      TNS(ns)  TNS Failing Endpoints  TNS Total Endpoints      WHS(ns)      THS(ns)  THS Failing Endpoints  THS Total Endpoints     WPWS(ns)     TPWS(ns)  TPWS Failing Endpoints  TPWS Total Endpoints  
    -------      -------  ---------------------  -------------------      -------      -------  ---------------------  -------------------     --------     --------  ----------------------  --------------------  
      0.091        0.000                      0                16579        0.004        0.000                      0                16515        2.958        0.000                       0                  5520  


All user specified timing constraints are met.


------------------------------------------------------------------------------------------------
| Clock Summary
| -------------
------------------------------------------------------------------------------------------------

Clock                                                                                                Waveform(ns)         Period(ns)      Frequency(MHz)
-----                                                                                                ------------         ----------      --------------
clk_pl_0                                                                                             {0.000 3.500}        7.000           142.857         
dbg_hub/inst/BSCANID.u_xsdbm_id/SWITCH_N_EXT_BSCAN.bscan_inst/SERIES7_BSCAN.bscan_inst/INTERNAL_TCK  {0.000 25.000}       50.000          20.000          


------------------------------------------------------------------------------------------------
| Intra Clock Table
| -----------------
------------------------------------------------------------------------------------------------

Clock                                                                                                    WNS(ns)      TNS(ns)  TNS Failing Endpoints  TNS Total Endpoints      WHS(ns)      THS(ns)  THS Failing Endpoints  THS Total Endpoints     WPWS(ns)     TPWS(ns)  TPWS Failing Endpoints  TPWS Total Endpoints  
-----                                                                                                    -------      -------  ---------------------  -------------------      -------      -------  ---------------------  -------------------     --------     --------  ----------------------  --------------------  
clk_pl_0                                                                                                   0.091        0.000                      0                15366        0.004        0.000                      0                15318        2.958        0.000                       0                  5041  
dbg_hub/inst/BSCANID.u_xsdbm_id/SWITCH_N_EXT_BSCAN.bscan_inst/SERIES7_BSCAN.bscan_inst/INTERNAL_TCK       15.246        0.000                      0                  992        0.025        0.000                      0                  992       24.468        0.000                       0                   479  


------------------------------------------------------------------------------------------------
| Inter Clock Table
| -----------------
------------------------------------------------------------------------------------------------

From Clock                                                                                           To Clock                                                                                                 WNS(ns)      TNS(ns)  TNS Failing Endpoints  TNS Total Endpoints      WHS(ns)      THS(ns)  THS Failing Endpoints  THS Total Endpoints  
----------                                                                                           --------                                                                                                 -------      -------  ---------------------  -------------------      -------      -------  ---------------------  -------------------  
dbg_hub/inst/BSCANID.u_xsdbm_id/SWITCH_N_EXT_BSCAN.bscan_inst/SERIES7_BSCAN.bscan_inst/INTERNAL_TCK  clk_pl_0                                                                                                  49.648        0.000                      0                    8                                                                        
clk_pl_0                                                                                             dbg_hub/inst/BSCANID.u_xsdbm_id/SWITCH_N_EXT_BSCAN.bscan_inst/SERIES7_BSCAN.bscan_inst/INTERNAL_TCK        6.564        0.000                      0                    8                                                                        


------------------------------------------------------------------------------------------------
| Other Path Groups Table
| -----------------------
------------------------------------------------------------------------------------------------

Path Group                                                                                           From Clock                                                                                           To Clock                                                                                                 WNS(ns)      TNS(ns)  TNS Failing Endpoints  TNS Total Endpoints      WHS(ns)      THS(ns)  THS Failing Endpoints  THS Total Endpoints  
----------                                                                                           ----------                                                                                           --------                                                                                                 -------      -------  ---------------------  -------------------      -------      -------  ---------------------  -------------------  
**async_default**                                                                                    clk_pl_0                                                                                             clk_pl_0                                                                                                   5.795        0.000                      0                  105        0.104        0.000                      0                  105  
**async_default**                                                                                    dbg_hub/inst/BSCANID.u_xsdbm_id/SWITCH_N_EXT_BSCAN.bscan_inst/SERIES7_BSCAN.bscan_inst/INTERNAL_TCK  dbg_hub/inst/BSCANID.u_xsdbm_id/SWITCH_N_EXT_BSCAN.bscan_inst/SERIES7_BSCAN.bscan_inst/INTERNAL_TCK       48.017        0.000                      0                  100        0.093        0.000                      0                  100  


------------------------------------------------------------------------------------------------
| Timing Details
| --------------
------------------------------------------------------------------------------------------------


---------------------------------------------------------------------------------------------------
From Clock:  clk_pl_0
  To Clock:  clk_pl_0

Setup :            0  Failing Endpoints,  Worst Slack        0.091ns,  Total Violation        0.000ns
Hold  :            0  Failing Endpoints,  Worst Slack        0.004ns,  Total Violation        0.000ns
PW    :            0  Failing Endpoints,  Worst Slack        2.958ns,  Total Violation        0.000ns
---------------------------------------------------------------------------------------------------


Max Delay Paths
--------------------------------------------------------------------------------------
Slack (MET) :             0.091ns  (required time - arrival time)
  Source:                 jfs_i/sr0/inst/u_axi_rgb_endpoint/g_tinyspan_w8a8_base_equiv_core.u_tinyspan_base_equiv/u_q_base_equiv/g_parallel_base.u_base/u_frame_mem7/u_xpm_memory_sdpram/xpm_memory_base_inst/gen_wr_a.gen_word_narrow.mem_reg_bram_0/CLKBWRCLK
                            (rising edge-triggered cell RAMB36E2 clocked by clk_pl_0  {rise@0.000ns fall@3.500ns period=7.000ns})
  Destination:            jfs_i/sr0/inst/u_axi_rgb_endpoint/g_tinyspan_w8a8_base_equiv_core.u_tinyspan_base_equiv/u_q_base_equiv/g_parallel_base.u_base/pair_r_q_reg[63]/D
                            (rising edge-triggered cell FDRE clocked by clk_pl_0  {rise@0.000ns fall@3.500ns period=7.000ns})
  Path Group:             clk_pl_0
  Path Type:              Setup (Max at Slow Process Corner)
  Requirement:            7.000ns  (clk_pl_0 rise@7.000ns - clk_pl_0 rise@0.000ns)
  Data Path Delay:        6.486ns  (logic 3.614ns (55.717%)  route 2.872ns (44.283%))
  Logic Levels:           20  (CARRY8=6 DSP_A_B_DATA=1 DSP_ALU=2 DSP_C_DATA=1 DSP_M_DATA=1 DSP_MULTIPLIER=1 DSP_OUTPUT=2 DSP_PREADD_DATA=1 LUT3=2 LUT4=1 LUT5=2)
  Clock Path Skew:        -0.305ns (DCD - SCD + CPR)
    Destination Clock Delay (DCD):    1.938ns = ( 8.938 - 7.000 ) 
    Source Clock Delay      (SCD):    2.436ns
    Clock Pessimism Removal (CPR):    0.193ns
  Clock Uncertainty:      0.142ns  ((TSJ^2 + DJ^2)^1/2) / 2 + PE
    Total System Jitter     (TSJ):    0.071ns
    Discrete Jitter          (DJ):    0.276ns
    Phase Error              (PE):    0.000ns
  Clock Net Delay (Source):      2.189ns (routing 0.959ns, distribution 1.230ns)
  Clock Net Delay (Destination): 1.740ns (routing 0.868ns, distribution 0.872ns)

    Location             Delay type                Incr(ns)  Path(ns)    Netlist Resource(s)
  -------------------------------------------------------------------    -------------------
                         (clock clk_pl_0 rise edge)
                                                      0.000     0.000 r  
    PS8_X0Y0             PS8                          0.000     0.000 r  jfs_i/ps/inst/PS8_i/PLCLK[0]
                         net (fo=1, routed)           0.219     0.219    jfs_i/ps/inst/pl_clk_unbuffered[0]
    BUFG_PS_X0Y56        BUFG_PS (Prop_BUFG_PS_I_O)
                                                      0.028     0.247 r  jfs_i/ps/inst/buffer_pl_clk_0.PL_CLK_0_BUFG/O
    X2Y1 (CLOCK_ROOT)    net (fo=5084, routed)        2.189     2.436    jfs_i/sr0/inst/u_axi_rgb_endpoint/g_tinyspan_w8a8_base_equiv_core.u_tinyspan_base_equiv/u_q_base_equiv/g_parallel_base.u_base/u_frame_mem7/u_xpm_memory_sdpram/xpm_memory_base_inst/clka
    RAMB36_X3Y20         RAMB36E2                                     r  jfs_i/sr0/inst/u_axi_rgb_endpoint/g_tinyspan_w8a8_base_equiv_core.u_tinyspan_base_equiv/u_q_base_equiv/g_parallel_base.u_base/u_frame_mem7/u_xpm_memory_sdpram/xpm_memory_base_inst/gen_wr_a.gen_word_narrow.mem_reg_bram_0/CLKBWRCLK
  -------------------------------------------------------------------    -------------------
    RAMB36_X3Y20         RAMB36E2 (Prop_RAMB36E2_RAMB36_CLKBWRCLK_DOUTBDOUT[19])
                                                      0.221     2.657 f  jfs_i/sr0/inst/u_axi_rgb_endpoint/g_tinyspan_w8a8_base_equiv_core.u_tinyspan_base_equiv/u_q_base_equiv/g_parallel_base.u_base/u_frame_mem7/u_xpm_memory_sdpram/xpm_memory_base_inst/gen_wr_a.gen_word_narrow.mem_reg_bram_0/DOUTBDOUT[19]
                         net (fo=2, routed)           1.195     3.852    jfs_i/sr0/inst/u_axi_rgb_endpoint/g_tinyspan_w8a8_base_equiv_core.u_tinyspan_base_equiv/u_q_base_equiv/g_parallel_base.u_base/pair_r_q2/B[3]
    DSP48E2_X6Y38        DSP_A_B_DATA (Prop_DSP_A_B_DATA_DSP48E2_B[3]_B2_DATA[3])
                                                      0.151     4.003 r  jfs_i/sr0/inst/u_axi_rgb_endpoint/g_tinyspan_w8a8_base_equiv_core.u_tinyspan_base_equiv/u_q_base_equiv/g_parallel_base.u_base/pair_r_q2/DSP_A_B_DATA_INST/B2_DATA[3]
                         net (fo=1, routed)           0.000     4.003    jfs_i/sr0/inst/u_axi_rgb_endpoint/g_tinyspan_w8a8_base_equiv_core.u_tinyspan_base_equiv/u_q_base_equiv/g_parallel_base.u_base/pair_r_q2/DSP_A_B_DATA.B2_DATA<3>
    DSP48E2_X6Y38        DSP_PREADD_DATA (Prop_DSP_PREADD_DATA_DSP48E2_B2_DATA[3]_B2B1[3])
                                                      0.073     4.076 r  jfs_i/sr0/inst/u_axi_rgb_endpoint/g_tinyspan_w8a8_base_equiv_core.u_tinyspan_base_equiv/u_q_base_equiv/g_parallel_base.u_base/pair_r_q2/DSP_PREADD_DATA_INST/B2B1[3]
                         net (fo=1, routed)           0.000     4.076    jfs_i/sr0/inst/u_axi_rgb_endpoint/g_tinyspan_w8a8_base_equiv_core.u_tinyspan_base_equiv/u_q_base_equiv/g_parallel_base.u_base/pair_r_q2/DSP_PREADD_DATA.B2B1<3>
    DSP48E2_X6Y38        DSP_MULTIPLIER (Prop_DSP_MULTIPLIER_DSP48E2_B2B1[3]_V[19])
                                                      0.609     4.685 f  jfs_i/sr0/inst/u_axi_rgb_endpoint/g_tinyspan_w8a8_base_equiv_core.u_tinyspan_base_equiv/u_q_base_equiv/g_parallel_base.u_base/pair_r_q2/DSP_MULTIPLIER_INST/V[19]
                         net (fo=1, routed)           0.000     4.685    jfs_i/sr0/inst/u_axi_rgb_endpoint/g_tinyspan_w8a8_base_equiv_core.u_tinyspan_base_equiv/u_q_base_equiv/g_parallel_base.u_base/pair_r_q2/DSP_MULTIPLIER.V<19>
    DSP48E2_X6Y38        DSP_M_DATA (Prop_DSP_M_DATA_DSP48E2_V[19]_V_DATA[19])
                                                      0.046     4.731 r  jfs_i/sr0/inst/u_axi_rgb_endpoint/g_tinyspan_w8a8_base_equiv_core.u_tinyspan_base_equiv/u_q_base_equiv/g_parallel_base.u_base/pair_r_q2/DSP_M_DATA_INST/V_DATA[19]
                         net (fo=1, routed)           0.000     4.731    jfs_i/sr0/inst/u_axi_rgb_endpoint/g_tinyspan_w8a8_base_equiv_core.u_tinyspan_base_equiv/u_q_base_equiv/g_parallel_base.u_base/pair_r_q2/DSP_M_DATA.V_DATA<19>
    DSP48E2_X6Y38        DSP_ALU (Prop_DSP_ALU_DSP48E2_V_DATA[19]_ALU_OUT[19])
                                                      0.571     5.302 f  jfs_i/sr0/inst/u_axi_rgb_endpoint/g_tinyspan_w8a8_base_equiv_core.u_tinyspan_base_equiv/u_q_base_equiv/g_parallel_base.u_base/pair_r_q2/DSP_ALU_INST/ALU_OUT[19]
                         net (fo=1, routed)           0.000     5.302    jfs_i/sr0/inst/u_axi_rgb_endpoint/g_tinyspan_w8a8_base_equiv_core.u_tinyspan_base_equiv/u_q_base_equiv/g_parallel_base.u_base/pair_r_q2/DSP_ALU.ALU_OUT<19>
    DSP48E2_X6Y38        DSP_OUTPUT (Prop_DSP_OUTPUT_DSP48E2_ALU_OUT[19]_P[19])
                                                      0.109     5.411 r  jfs_i/sr0/inst/u_axi_rgb_endpoint/g_tinyspan_w8a8_base_equiv_core.u_tinyspan_base_equiv/u_q_base_equiv/g_parallel_base.u_base/pair_r_q2/DSP_OUTPUT_INST/P[19]
                         net (fo=1, routed)           0.284     5.695    jfs_i/sr0/inst/u_axi_rgb_endpoint/g_tinyspan_w8a8_base_equiv_core.u_tinyspan_base_equiv/u_q_base_equiv/g_parallel_base.u_base/pair_r_q2__0/C[2]
    DSP48E2_X6Y39        DSP_C_DATA (Prop_DSP_C_DATA_DSP48E2_C[2]_C_DATA[2])
                                                      0.105     5.800 r  jfs_i/sr0/inst/u_axi_rgb_endpoint/g_tinyspan_w8a8_base_equiv_core.u_tinyspan_base_equiv/u_q_base_equiv/g_parallel_base.u_base/pair_r_q2__0/DSP_C_DATA_INST/C_DATA[2]
                         net (fo=2, routed)           0.000     5.800    jfs_i/sr0/inst/u_axi_rgb_endpoint/g_tinyspan_w8a8_base_equiv_core.u_tinyspan_base_equiv/u_q_base_equiv/g_parallel_base.u_base/pair_r_q2__0/DSP_C_DATA.C_DATA<2>
    DSP48E2_X6Y39        DSP_ALU (Prop_DSP_ALU_DSP48E2_C_DATA[2]_ALU_OUT[4])
                                                      0.585     6.385 f  jfs_i/sr0/inst/u_axi_rgb_endpoint/g_tinyspan_w8a8_base_equiv_core.u_tinyspan_base_equiv/u_q_base_equiv/g_parallel_base.u_base/pair_r_q2__0/DSP_ALU_INST/ALU_OUT[4]
                         net (fo=1, routed)           0.000     6.385    jfs_i/sr0/inst/u_axi_rgb_endpoint/g_tinyspan_w8a8_base_equiv_core.u_tinyspan_base_equiv/u_q_base_equiv/g_parallel_base.u_base/pair_r_q2__0/DSP_ALU.ALU_OUT<4>
    DSP48E2_X6Y39        DSP_OUTPUT (Prop_DSP_OUTPUT_DSP48E2_ALU_OUT[4]_P[4])
                                                      0.109     6.494 r  jfs_i/sr0/inst/u_axi_rgb_endpoint/g_tinyspan_w8a8_base_equiv_core.u_tinyspan_base_equiv/u_q_base_equiv/g_parallel_base.u_base/pair_r_q2__0/DSP_OUTPUT_INST/P[4]
                         net (fo=2, routed)           0.449     6.943    jfs_i/sr0/inst/u_axi_rgb_endpoint/g_tinyspan_w8a8_base_equiv_core.u_tinyspan_base_equiv/u_q_base_equiv/g_parallel_base.u_base/pair_r_q2__0_n_101
    SLICE_X69Y81         LUT3 (Prop_F5LUT_SLICEL_I2_O)
                                                      0.143     7.086 r  jfs_i/sr0/inst/u_axi_rgb_endpoint/g_tinyspan_w8a8_base_equiv_core.u_tinyspan_base_equiv/u_q_base_equiv/g_parallel_base.u_base/pair_r_q[31]_i_53/O
                         net (fo=2, routed)           0.183     7.269    jfs_i/sr0/inst/u_axi_rgb_endpoint/g_tinyspan_w8a8_base_equiv_core.u_tinyspan_base_equiv/u_q_base_equiv/g_parallel_base.u_base/pair_r_q[31]_i_53_n_0
    SLICE_X69Y81         LUT4 (Prop_G6LUT_SLICEL_I3_O)
                                                      0.149     7.418 r  jfs_i/sr0/inst/u_axi_rgb_endpoint/g_tinyspan_w8a8_base_equiv_core.u_tinyspan_base_equiv/u_q_base_equiv/g_parallel_base.u_base/pair_r_q[31]_i_61/O
                         net (fo=1, routed)           0.008     7.426    jfs_i/sr0/inst/u_axi_rgb_endpoint/g_tinyspan_w8a8_base_equiv_core.u_tinyspan_base_equiv/u_q_base_equiv/g_parallel_base.u_base/pair_r_q[31]_i_61_n_0
    SLICE_X69Y81         CARRY8 (Prop_CARRY8_SLICEL_S[6]_CO[7])
                                                      0.115     7.541 r  jfs_i/sr0/inst/u_axi_rgb_endpoint/g_tinyspan_w8a8_base_equiv_core.u_tinyspan_base_equiv/u_q_base_equiv/g_parallel_base.u_base/pair_r_q_reg[31]_i_25/CO[7]
                         net (fo=1, routed)           0.026     7.567    jfs_i/sr0/inst/u_axi_rgb_endpoint/g_tinyspan_w8a8_base_equiv_core.u_tinyspan_base_equiv/u_q_base_equiv/g_parallel_base.u_base/pair_r_q_reg[31]_i_25_n_0
    SLICE_X69Y82         CARRY8 (Prop_CARRY8_SLICEL_CI_O[7])
                                                      0.116     7.683 r  jfs_i/sr0/inst/u_axi_rgb_endpoint/g_tinyspan_w8a8_base_equiv_core.u_tinyspan_base_equiv/u_q_base_equiv/g_parallel_base.u_base/pair_r_q_reg[39]_i_25/O[7]
                         net (fo=4, routed)           0.425     8.108    jfs_i/sr0/inst/u_axi_rgb_endpoint/g_tinyspan_w8a8_base_equiv_core.u_tinyspan_base_equiv/u_q_base_equiv/g_parallel_base.u_base/pair_r_q_reg[39]_i_25_n_8
    SLICE_X66Y81         LUT3 (Prop_F6LUT_SLICEL_I1_O)
                                                      0.035     8.143 r  jfs_i/sr0/inst/u_axi_rgb_endpoint/g_tinyspan_w8a8_base_equiv_core.u_tinyspan_base_equiv/u_q_base_equiv/g_parallel_base.u_base/pair_r_q[39]_i_27/O
                         net (fo=1, routed)           0.041     8.184    jfs_i/sr0/inst/u_axi_rgb_endpoint/g_tinyspan_w8a8_base_equiv_core.u_tinyspan_base_equiv/u_q_base_equiv/g_parallel_base.u_base/pair_r_q[39]_i_27_n_0
    SLICE_X66Y81         LUT5 (Prop_H6LUT_SLICEL_I3_O)
                                                      0.051     8.235 r  jfs_i/sr0/inst/u_axi_rgb_endpoint/g_tinyspan_w8a8_base_equiv_core.u_tinyspan_base_equiv/u_q_base_equiv/g_parallel_base.u_base/pair_r_q[39]_i_9/O
                         net (fo=2, routed)           0.148     8.383    jfs_i/sr0/inst/u_axi_rgb_endpoint/g_tinyspan_w8a8_base_equiv_core.u_tinyspan_base_equiv/u_q_base_equiv/g_parallel_base.u_base/pair_r_q[39]_i_9_n_0
    SLICE_X68Y82         LUT5 (Prop_A6LUT_SLICEL_I0_O)
                                                      0.090     8.473 r  jfs_i/sr0/inst/u_axi_rgb_endpoint/g_tinyspan_w8a8_base_equiv_core.u_tinyspan_base_equiv/u_q_base_equiv/g_parallel_base.u_base/pair_r_q[39]_i_17/O
                         net (fo=1, routed)           0.009     8.482    jfs_i/sr0/inst/u_axi_rgb_endpoint/g_tinyspan_w8a8_base_equiv_core.u_tinyspan_base_equiv/u_q_base_equiv/g_parallel_base.u_base/pair_r_q[39]_i_17_n_0
    SLICE_X68Y82         CARRY8 (Prop_CARRY8_SLICEL_S[0]_CO[7])
                                                      0.190     8.672 r  jfs_i/sr0/inst/u_axi_rgb_endpoint/g_tinyspan_w8a8_base_equiv_core.u_tinyspan_base_equiv/u_q_base_equiv/g_parallel_base.u_base/pair_r_q_reg[39]_i_1/CO[7]
                         net (fo=1, routed)           0.026     8.698    jfs_i/sr0/inst/u_axi_rgb_endpoint/g_tinyspan_w8a8_base_equiv_core.u_tinyspan_base_equiv/u_q_base_equiv/g_parallel_base.u_base/pair_r_q_reg[39]_i_1_n_0
    SLICE_X68Y83         CARRY8 (Prop_CARRY8_SLICEL_CI_CO[7])
                                                      0.015     8.713 r  jfs_i/sr0/inst/u_axi_rgb_endpoint/g_tinyspan_w8a8_base_equiv_core.u_tinyspan_base_equiv/u_q_base_equiv/g_parallel_base.u_base/pair_r_q_reg[47]_i_1/CO[7]
                         net (fo=1, routed)           0.026     8.739    jfs_i/sr0/inst/u_axi_rgb_endpoint/g_tinyspan_w8a8_base_equiv_core.u_tinyspan_base_equiv/u_q_base_equiv/g_parallel_base.u_base/pair_r_q_reg[47]_i_1_n_0
    SLICE_X68Y84         CARRY8 (Prop_CARRY8_SLICEL_CI_CO[7])
                                                      0.015     8.754 r  jfs_i/sr0/inst/u_axi_rgb_endpoint/g_tinyspan_w8a8_base_equiv_core.u_tinyspan_base_equiv/u_q_base_equiv/g_parallel_base.u_base/pair_r_q_reg[55]_i_1/CO[7]
                         net (fo=1, routed)           0.026     8.780    jfs_i/sr0/inst/u_axi_rgb_endpoint/g_tinyspan_w8a8_base_equiv_core.u_tinyspan_base_equiv/u_q_base_equiv/g_parallel_base.u_base/pair_r_q_reg[55]_i_1_n_0
    SLICE_X68Y85         CARRY8 (Prop_CARRY8_SLICEL_CI_O[7])
                                                      0.116     8.896 r  jfs_i/sr0/inst/u_axi_rgb_endpoint/g_tinyspan_w8a8_base_equiv_core.u_tinyspan_base_equiv/u_q_base_equiv/g_parallel_base.u_base/pair_r_q_reg[63]_i_2/O[7]
                         net (fo=1, routed)           0.026     8.922    jfs_i/sr0/inst/u_axi_rgb_endpoint/g_tinyspan_w8a8_base_equiv_core.u_tinyspan_base_equiv/u_q_base_equiv/g_parallel_base.u_base/pair_r_q_reg[63]_i_2_n_8
    SLICE_X68Y85         FDRE                                         r  jfs_i/sr0/inst/u_axi_rgb_endpoint/g_tinyspan_w8a8_base_equiv_core.u_tinyspan_base_equiv/u_q_base_equiv/g_parallel_base.u_base/pair_r_q_reg[63]/D
  -------------------------------------------------------------------    -------------------

                         (clock clk_pl_0 rise edge)
                                                      7.000     7.000 r  
    PS8_X0Y0             PS8                          0.000     7.000 r  jfs_i/ps/inst/PS8_i/PLCLK[0]
                         net (fo=1, routed)           0.173     7.173    jfs_i/ps/inst/pl_clk_unbuffered[0]
    BUFG_PS_X0Y56        BUFG_PS (Prop_BUFG_PS_I_O)
                                                      0.025     7.198 r  jfs_i/ps/inst/buffer_pl_clk_0.PL_CLK_0_BUFG/O
    X2Y1 (CLOCK_ROOT)    net (fo=5084, routed)        1.740     8.938    jfs_i/sr0/inst/u_axi_rgb_endpoint/g_tinyspan_w8a8_base_equiv_core.u_tinyspan_base_equiv/u_q_base_equiv/g_parallel_base.u_base/clk
    SLICE_X68Y85         FDRE                                         r  jfs_i/sr0/inst/u_axi_rgb_endpoint/g_tinyspan_w8a8_base_equiv_core.u_tinyspan_base_equiv/u_q_base_equiv/g_parallel_base.u_base/pair_r_q_reg[63]/C
                         clock pessimism              0.193     9.131    
                         clock uncertainty           -0.142     8.988    
    SLICE_X68Y85         FDRE (Setup_HFF_SLICEL_C_D)
                                                      0.025     9.013    jfs_i/sr0/inst/u_axi_rgb_endpoint/g_tinyspan_w8a8_base_equiv_core.u_tinyspan_base_equiv/u_q_base_equiv/g_parallel_base.u_base/pair_r_q_reg[63]
  -------------------------------------------------------------------
                         required time                          9.013    
                         arrival time                          -8.922    
  -------------------------------------------------------------------
                         slack                                  0.091    





Min Delay Paths
--------------------------------------------------------------------------------------
Slack (MET) :             0.004ns  (arrival time - required time)
  Source:                 jfs_wrapper/jfs/jfs_ja_0/<hidden>/<hidden>/<hidden>/<hidden>/<hidden>/<hidden>/<hidden>/<hidden>
                            (rising edge-triggered cell FDRE clocked by clk_pl_0  {rise@0.000ns fall@3.500ns period=7.000ns})
  Destination:            jfs_wrapper/jfs/jfs_ja_0/<hidden>/<hidden>/<hidden>/<hidden>/<hidden>/<hidden>/<hidden>/<hidden>
                            (rising edge-triggered cell FDRE clocked by clk_pl_0  {rise@0.000ns fall@3.500ns period=7.000ns})
  Path Group:             clk_pl_0
  Path Type:              Hold (Min at Slow Process Corner)
  Requirement:            0.000ns  (clk_pl_0 rise@0.000ns - clk_pl_0 rise@0.000ns)
  Data Path Delay:        0.147ns  (logic 0.059ns (40.184%)  route 0.088ns (59.816%))
  Logic Levels:           0  
  Clock Path Skew:        0.081ns (DCD - SCD - CPR)
    Destination Clock Delay (DCD):    2.351ns
    Source Clock Delay      (SCD):    2.067ns
    Clock Pessimism Removal (CPR):    0.203ns
  Clock Net Delay (Source):      1.869ns (routing 0.868ns, distribution 1.001ns)
  Clock Net Delay (Destination): 2.104ns (routing 0.959ns, distribution 1.145ns)

    Location             Delay type                Incr(ns)  Path(ns)    Netlist Resource(s)
  -------------------------------------------------------------------    -------------------
                         (clock clk_pl_0 rise edge)
                                                      0.000     0.000 r  
    PS8_X0Y0             PS8                          0.000     0.000 r  jfs_i/ps/inst/PS8_i/PLCLK[0]
                         net (fo=1, routed)           0.173     0.173    jfs_i/ps/inst/pl_clk_unbuffered[0]
    BUFG_PS_X0Y56        BUFG_PS (Prop_BUFG_PS_I_O)
                                                      0.025     0.198 r  jfs_i/ps/inst/buffer_pl_clk_0.PL_CLK_0_BUFG/O
    X2Y1 (CLOCK_ROOT)    net (fo=5084, routed)        1.869     2.067    jfs_wrapper/jfs/jfs_ja_0/<hidden>/<hidden>/<hidden>/<hidden>/<hidden>/<hidden>/<hidden>/<hidden>
    SLICE_X82Y140        FDRE                                         r  jfs_wrapper/jfs/jfs_ja_0/<hidden>/<hidden>/<hidden>/<hidden>/<hidden>/<hidden>/<hidden>/<hidden>
  -------------------------------------------------------------------    -------------------
    SLICE_X82Y140        FDRE (Prop_DFF_SLICEL_C_Q)
                                                      0.059     2.126 r  jfs_wrapper/jfs/jfs_ja_0/<hidden>/<hidden>/<hidden>/<hidden>/<hidden>/<hidden>/<hidden>/<hidden>
                         net (fo=8, routed)           0.088     2.214    jfs_wrapper/jfs/jfs_ja_0/<hidden>/<hidden>/<hidden>/<hidden>/<hidden>/<hidden>/<hidden>/<hidden>
    SLICE_X83Y140        FDRE                                         r  jfs_wrapper/jfs/jfs_ja_0/<hidden>/<hidden>/<hidden>/<hidden>/<hidden>/<hidden>/<hidden>/<hidden>
  -------------------------------------------------------------------    -------------------

                         (clock clk_pl_0 rise edge)
                                                      0.000     0.000 r  
    PS8_X0Y0             PS8                          0.000     0.000 r  jfs_i/ps/inst/PS8_i/PLCLK[0]
                         net (fo=1, routed)           0.219     0.219    jfs_i/ps/inst/pl_clk_unbuffered[0]
    BUFG_PS_X0Y56        BUFG_PS (Prop_BUFG_PS_I_O)
                                                      0.028     0.247 r  jfs_i/ps/inst/buffer_pl_clk_0.PL_CLK_0_BUFG/O
    X2Y1 (CLOCK_ROOT)    net (fo=5084, routed)        2.104     2.351    jfs_wrapper/jfs/jfs_ja_0/<hidden>/<hidden>/<hidden>/<hidden>/<hidden>/<hidden>/<hidden>/<hidden>
    SLICE_X83Y140        FDRE                                         r  jfs_wrapper/jfs/jfs_ja_0/<hidden>/<hidden>/<hidden>/<hidden>/<hidden>/<hidden>/<hidden>/<hidden>
                         clock pessimism             -0.203     2.148    
    SLICE_X83Y140        FDRE (Hold_AFF2_SLICEM_C_D)
                                                      0.062     2.210    jfs_wrapper/jfs/jfs_ja_0/<hidden>/<hidden>/<hidden>/<hidden>/<hidden>/<hidden>/<hidden>/<hidden>
  -------------------------------------------------------------------
                         required time                         -2.210    
                         arrival time                           2.214    
  -------------------------------------------------------------------
                         slack                                  0.004    





Pulse Width Checks
--------------------------------------------------------------------------------------
Clock Name:         clk_pl_0
Waveform(ns):       { 0.000 3.500 }
Period(ns):         7.000
Sources:            { jfs_i/ps/inst/PS8_i/PLCLK[0] }

Check Type        Corner  Lib Pin             Reference Pin  Required(ns)  Actual(ns)  Slack(ns)  Location      Pin
Min Period        n/a     RAMB36E2/CLKARDCLK  n/a            1.569         7.000       5.431      RAMB36_X3Y10  jfs_i/sr0/inst/u_axi_rgb_endpoint/g_tinyspan_w8a8_base_equiv_core.u_tinyspan_base_equiv/u_q_base_equiv/g_parallel_base.u_base/u_frame_mem0/u_xpm_memory_sdpram/xpm_memory_base_inst/gen_wr_a.gen_word_narrow.mem_reg_bram_0/CLKARDCLK
Low Pulse Width   Slow    RAMB36E2/CLKARDCLK  n/a            0.542         3.500       2.958      RAMB36_X7Y37  jfs_i/ja/inst/jtag_axi_engine_u/rd_cmd_fifo_i/inst_fifo_gen/gconvfifo.rf/grf.rf/gntv_or_sync_fifo.mem/gbm.gbmg.gbmga.ngecc.bmg/inst_blk_mem_gen/gnbram.gnativebmg.native_blk_mem_gen/valid.cstr/ramloop[0].ram.r/prim_noinit.ram/DEVICE_8SERIES.NO_BMM_INFO.SDP.WIDE_PRIM36_NO_ECC.ram/CLKARDCLK
High Pulse Width  Slow    RAMB36E2/CLKARDCLK  n/a            0.542         3.500       2.958      RAMB36_X7Y37  jfs_i/ja/inst/jtag_axi_engine_u/rd_cmd_fifo_i/inst_fifo_gen/gconvfifo.rf/grf.rf/gntv_or_sync_fifo.mem/gbm.gbmg.gbmga.ngecc.bmg/inst_blk_mem_gen/gnbram.gnativebmg.native_blk_mem_gen/valid.cstr/ramloop[0].ram.r/prim_noinit.ram/DEVICE_8SERIES.NO_BMM_INFO.SDP.WIDE_PRIM36_NO_ECC.ram/CLKARDCLK



---------------------------------------------------------------------------------------------------
From Clock:  dbg_hub/inst/BSCANID.u_xsdbm_id/SWITCH_N_EXT_BSCAN.bscan_inst/SERIES7_BSCAN.bscan_inst/INTERNAL_TCK
  To Clock:  dbg_hub/inst/BSCANID.u_xsdbm_id/SWITCH_N_EXT_BSCAN.bscan_inst/SERIES7_BSCAN.bscan_inst/INTERNAL_TCK

Setup :            0  Failing Endpoints,  Worst Slack       15.246ns,  Total Violation        0.000ns
Hold  :            0  Failing Endpoints,  Worst Slack        0.025ns,  Total Violation        0.000ns
PW    :            0  Failing Endpoints,  Worst Slack       24.468ns,  Total Violation        0.000ns
---------------------------------------------------------------------------------------------------


Max Delay Paths
--------------------------------------------------------------------------------------
Slack (MET) :             15.246ns  (required time - arrival time)
  Source:                 dbg_hub/inst/BSCANID.u_xsdbm_id/SWITCH_N_EXT_BSCAN.bscan_switch/state_reg[2]/C
                            (rising edge-triggered cell FDRE clocked by dbg_hub/inst/BSCANID.u_xsdbm_id/SWITCH_N_EXT_BSCAN.bscan_inst/SERIES7_BSCAN.bscan_inst/INTERNAL_TCK  {rise@0.000ns fall@25.000ns period=50.000ns})
  Destination:            dbg_hub/inst/BSCANID.u_xsdbm_id/SWITCH_N_EXT_BSCAN.bscan_inst/SERIES7_BSCAN.bscan_inst/TDO
                            (falling edge-triggered cell BSCANE2 clocked by dbg_hub/inst/BSCANID.u_xsdbm_id/SWITCH_N_EXT_BSCAN.bscan_inst/SERIES7_BSCAN.bscan_inst/INTERNAL_TCK  {rise@0.000ns fall@25.000ns period=50.000ns})
  Path Group:             dbg_hub/inst/BSCANID.u_xsdbm_id/SWITCH_N_EXT_BSCAN.bscan_inst/SERIES7_BSCAN.bscan_inst/INTERNAL_TCK
  Path Type:              Setup (Max at Slow Process Corner)
  Requirement:            25.000ns  (dbg_hub/inst/BSCANID.u_xsdbm_id/SWITCH_N_EXT_BSCAN.bscan_inst/SERIES7_BSCAN.bscan_inst/INTERNAL_TCK fall@25.000ns - dbg_hub/inst/BSCANID.u_xsdbm_id/SWITCH_N_EXT_BSCAN.bscan_inst/SERIES7_BSCAN.bscan_inst/INTERNAL_TCK rise@0.000ns)
  Data Path Delay:        1.792ns  (logic 0.290ns (16.183%)  route 1.502ns (83.817%))
  Logic Levels:           3  (LUT3=1 LUT5=1 LUT6=1)
  Clock Path Skew:        -7.727ns (DCD - SCD + CPR)
    Destination Clock Delay (DCD):    0.000ns = ( 25.000 - 25.000 ) 
    Source Clock Delay      (SCD):    7.727ns
    Clock Pessimism Removal (CPR):    0.000ns
  Clock Uncertainty:      0.235ns  ((TSJ^2 + TIJ^2)^1/2 + DJ) / 2 + PE + DCD
    Total System Jitter     (TSJ):    0.071ns
    Total Input Jitter      (TIJ):    0.000ns
    Discrete Jitter          (DJ):    0.000ns
    Phase Error              (PE):    0.000ns
    Duty Cycle Distortion   (DCD):    0.200ns
  Clock Net Delay (Source):      1.772ns (routing 0.902ns, distribution 0.870ns)

    Location             Delay type                Incr(ns)  Path(ns)    Netlist Resource(s)
  -------------------------------------------------------------------    -------------------
                         (clock dbg_hub/inst/BSCANID.u_xsdbm_id/SWITCH_N_EXT_BSCAN.bscan_inst/SERIES7_BSCAN.bscan_inst/INTERNAL_TCK rise edge)
                                                      0.000     0.000 r  
    CONFIG_SITE_X0Y0     BSCANE2                      0.000     0.000 r  dbg_hub/inst/BSCANID.u_xsdbm_id/SWITCH_N_EXT_BSCAN.bscan_inst/SERIES7_BSCAN.bscan_inst/INTERNAL_TCK
    CONFIG_SITE_X0Y0     BSCANE2 (Prop_BSCAN1_CONFIG_SITE_INTERNAL_TCK_TCK)
                                                      4.300     4.300 r  dbg_hub/inst/BSCANID.u_xsdbm_id/SWITCH_N_EXT_BSCAN.bscan_inst/SERIES7_BSCAN.bscan_inst/TCK
                         net (fo=1, routed)           1.627     5.927    dbg_hub/inst/BSCANID.u_xsdbm_id/tck_bs
    BUFGCE_X0Y20         BUFGCE (Prop_BUFCE_BUFGCE_I_O)
                                                      0.028     5.955 r  dbg_hub/inst/BSCANID.u_xsdbm_id/SWITCH_N_EXT_BSCAN.u_bufg_icon_tck/O
    X3Y1 (CLOCK_ROOT)    net (fo=478, routed)         1.772     7.727    dbg_hub/inst/BSCANID.u_xsdbm_id/SWITCH_N_EXT_BSCAN.bscan_switch/s_bscan_tck
    SLICE_X86Y103        FDRE                                         r  dbg_hub/inst/BSCANID.u_xsdbm_id/SWITCH_N_EXT_BSCAN.bscan_switch/state_reg[2]/C
  -------------------------------------------------------------------    -------------------
    SLICE_X86Y103        FDRE (Prop_FFF_SLICEL_C_Q)
                                                      0.079     7.806 f  dbg_hub/inst/BSCANID.u_xsdbm_id/SWITCH_N_EXT_BSCAN.bscan_switch/state_reg[2]/Q
                         net (fo=50, routed)          0.329     8.135    dbg_hub/inst/BSCANID.u_xsdbm_id/SWITCH_N_EXT_BSCAN.bscan_switch/state[2]
    SLICE_X87Y102        LUT5 (Prop_A6LUT_SLICEL_I3_O)
                                                      0.124     8.259 r  dbg_hub/inst/BSCANID.u_xsdbm_id/SWITCH_N_EXT_BSCAN.bscan_switch/m_bscan_bscanid_en_INST_0/O
                         net (fo=35, routed)          0.267     8.526    dbg_hub/inst/BSCANID.u_xsdbm_id/bscanid_en_int
    SLICE_X88Y103        LUT3 (Prop_B6LUT_SLICEL_I1_O)
                                                      0.051     8.577 r  dbg_hub/inst/BSCANID.u_xsdbm_id/SWITCH_N_EXT_BSCAN.bscan_switch_i_1/O
                         net (fo=2, routed)           0.300     8.877    dbg_hub/inst/BSCANID.u_xsdbm_id/SWITCH_N_EXT_BSCAN.bscan_switch/m_bscan_tdo[0]
    SLICE_X87Y102        LUT6 (Prop_H6LUT_SLICEL_I5_O)
                                                      0.036     8.913 r  dbg_hub/inst/BSCANID.u_xsdbm_id/SWITCH_N_EXT_BSCAN.bscan_switch/s_bscan_tdo_INST_0/O
                         net (fo=1, routed)           0.606     9.519    dbg_hub/inst/BSCANID.u_xsdbm_id/SWITCH_N_EXT_BSCAN.bscan_inst/TDO
    CONFIG_SITE_X0Y0     BSCANE2                                      r  dbg_hub/inst/BSCANID.u_xsdbm_id/SWITCH_N_EXT_BSCAN.bscan_inst/SERIES7_BSCAN.bscan_inst/TDO
  -------------------------------------------------------------------    -------------------

                         (clock dbg_hub/inst/BSCANID.u_xsdbm_id/SWITCH_N_EXT_BSCAN.bscan_inst/SERIES7_BSCAN.bscan_inst/INTERNAL_TCK fall edge)
                                                     25.000    25.000 f  
    CONFIG_SITE_X0Y0     BSCANE2                      0.000    25.000 f  dbg_hub/inst/BSCANID.u_xsdbm_id/SWITCH_N_EXT_BSCAN.bscan_inst/SERIES7_BSCAN.bscan_inst/INTERNAL_TCK
                         clock pessimism              0.000    25.000    
                         clock uncertainty           -0.235    24.765    
    CONFIG_SITE_X0Y0     BSCANE2 (Setup_BSCAN1_CONFIG_SITE_INTERNAL_TCK_TDO)
                                                      0.000    24.765    dbg_hub/inst/BSCANID.u_xsdbm_id/SWITCH_N_EXT_BSCAN.bscan_inst/SERIES7_BSCAN.bscan_inst
  -------------------------------------------------------------------
                         required time                         24.765    
                         arrival time                          -9.519    
  -------------------------------------------------------------------
                         slack                                 15.246    





Min Delay Paths
--------------------------------------------------------------------------------------
Slack (MET) :             0.025ns  (arrival time - required time)
  Source:                 dbg_hub/inst/BSCANID.u_xsdbm_id/CORE_XSDB.U_ICON/iTDI_reg_reg/C
                            (rising edge-triggered cell FDRE clocked by dbg_hub/inst/BSCANID.u_xsdbm_id/SWITCH_N_EXT_BSCAN.bscan_inst/SERIES7_BSCAN.bscan_inst/INTERNAL_TCK  {rise@0.000ns fall@25.000ns period=50.000ns})
  Destination:            dbg_hub/inst/BSCANID.u_xsdbm_id/CORE_XSDB.U_ICON/U_SYNC/iSYNC_WORD_reg[6]/D
                            (rising edge-triggered cell FDRE clocked by dbg_hub/inst/BSCANID.u_xsdbm_id/SWITCH_N_EXT_BSCAN.bscan_inst/SERIES7_BSCAN.bscan_inst/INTERNAL_TCK  {rise@0.000ns fall@25.000ns period=50.000ns})
  Path Group:             dbg_hub/inst/BSCANID.u_xsdbm_id/SWITCH_N_EXT_BSCAN.bscan_inst/SERIES7_BSCAN.bscan_inst/INTERNAL_TCK
  Path Type:              Hold (Min at Slow Process Corner)
  Requirement:            0.000ns  (dbg_hub/inst/BSCANID.u_xsdbm_id/SWITCH_N_EXT_BSCAN.bscan_inst/SERIES7_BSCAN.bscan_inst/INTERNAL_TCK rise@0.000ns - dbg_hub/inst/BSCANID.u_xsdbm_id/SWITCH_N_EXT_BSCAN.bscan_inst/SERIES7_BSCAN.bscan_inst/INTERNAL_TCK rise@0.000ns)
  Data Path Delay:        0.191ns  (logic 0.058ns (30.412%)  route 0.133ns (69.588%))
  Logic Levels:           0  
  Clock Path Skew:        0.106ns (DCD - SCD - CPR)
    Destination Clock Delay (DCD):    7.774ns
    Source Clock Delay      (SCD):    3.195ns
    Clock Pessimism Removal (CPR):    4.473ns
  Clock Net Delay (Source):      1.593ns (routing 0.821ns, distribution 0.772ns)
  Clock Net Delay (Destination): 1.819ns (routing 0.902ns, distribution 0.917ns)

    Location             Delay type                Incr(ns)  Path(ns)    Netlist Resource(s)
  -------------------------------------------------------------------    -------------------
                         (clock dbg_hub/inst/BSCANID.u_xsdbm_id/SWITCH_N_EXT_BSCAN.bscan_inst/SERIES7_BSCAN.bscan_inst/INTERNAL_TCK rise edge)
                                                      0.000     0.000 r  
    CONFIG_SITE_X0Y0     BSCANE2                      0.000     0.000 r  dbg_hub/inst/BSCANID.u_xsdbm_id/SWITCH_N_EXT_BSCAN.bscan_inst/SERIES7_BSCAN.bscan_inst/INTERNAL_TCK
    CONFIG_SITE_X0Y0     BSCANE2 (Prop_BSCAN1_CONFIG_SITE_INTERNAL_TCK_TCK)
                                                      0.465     0.465 r  dbg_hub/inst/BSCANID.u_xsdbm_id/SWITCH_N_EXT_BSCAN.bscan_inst/SERIES7_BSCAN.bscan_inst/TCK
                         net (fo=1, routed)           1.113     1.578    dbg_hub/inst/BSCANID.u_xsdbm_id/tck_bs
    BUFGCE_X0Y20         BUFGCE (Prop_BUFCE_BUFGCE_I_O)
                                                      0.024     1.602 r  dbg_hub/inst/BSCANID.u_xsdbm_id/SWITCH_N_EXT_BSCAN.u_bufg_icon_tck/O
    X3Y1 (CLOCK_ROOT)    net (fo=478, routed)         1.593     3.195    dbg_hub/inst/BSCANID.u_xsdbm_id/CORE_XSDB.U_ICON/m_bscan_tck[0]
    SLICE_X89Y153        FDRE                                         r  dbg_hub/inst/BSCANID.u_xsdbm_id/CORE_XSDB.U_ICON/iTDI_reg_reg/C
  -------------------------------------------------------------------    -------------------
    SLICE_X89Y153        FDRE (Prop_EFF_SLICEM_C_Q)
                                                      0.058     3.253 r  dbg_hub/inst/BSCANID.u_xsdbm_id/CORE_XSDB.U_ICON/iTDI_reg_reg/Q
                         net (fo=4, routed)           0.133     3.386    dbg_hub/inst/BSCANID.u_xsdbm_id/CORE_XSDB.U_ICON/U_SYNC/D[0]
    SLICE_X87Y155        FDRE                                         r  dbg_hub/inst/BSCANID.u_xsdbm_id/CORE_XSDB.U_ICON/U_SYNC/iSYNC_WORD_reg[6]/D
  -------------------------------------------------------------------    -------------------

                         (clock dbg_hub/inst/BSCANID.u_xsdbm_id/SWITCH_N_EXT_BSCAN.bscan_inst/SERIES7_BSCAN.bscan_inst/INTERNAL_TCK rise edge)
                                                      0.000     0.000 r  
    CONFIG_SITE_X0Y0     BSCANE2                      0.000     0.000 r  dbg_hub/inst/BSCANID.u_xsdbm_id/SWITCH_N_EXT_BSCAN.bscan_inst/SERIES7_BSCAN.bscan_inst/INTERNAL_TCK
    CONFIG_SITE_X0Y0     BSCANE2 (Prop_BSCAN1_CONFIG_SITE_INTERNAL_TCK_TCK)
                                                      4.300     4.300 r  dbg_hub/inst/BSCANID.u_xsdbm_id/SWITCH_N_EXT_BSCAN.bscan_inst/SERIES7_BSCAN.bscan_inst/TCK
                         net (fo=1, routed)           1.627     5.927    dbg_hub/inst/BSCANID.u_xsdbm_id/tck_bs
    BUFGCE_X0Y20         BUFGCE (Prop_BUFCE_BUFGCE_I_O)
                                                      0.028     5.955 r  dbg_hub/inst/BSCANID.u_xsdbm_id/SWITCH_N_EXT_BSCAN.u_bufg_icon_tck/O
    X3Y1 (CLOCK_ROOT)    net (fo=478, routed)         1.819     7.774    dbg_hub/inst/BSCANID.u_xsdbm_id/CORE_XSDB.U_ICON/U_SYNC/m_bscan_tck[0]
    SLICE_X87Y155        FDRE                                         r  dbg_hub/inst/BSCANID.u_xsdbm_id/CORE_XSDB.U_ICON/U_SYNC/iSYNC_WORD_reg[6]/C
                         clock pessimism             -4.473     3.301    
    SLICE_X87Y155        FDRE (Hold_HFF_SLICEL_C_D)
                                                      0.060     3.361    dbg_hub/inst/BSCANID.u_xsdbm_id/CORE_XSDB.U_ICON/U_SYNC/iSYNC_WORD_reg[6]
  -------------------------------------------------------------------
                         required time                         -3.361    
                         arrival time                           3.386    
  -------------------------------------------------------------------
                         slack                                  0.025    





Pulse Width Checks
--------------------------------------------------------------------------------------
Clock Name:         dbg_hub/inst/BSCANID.u_xsdbm_id/SWITCH_N_EXT_BSCAN.bscan_inst/SERIES7_BSCAN.bscan_inst/INTERNAL_TCK
Waveform(ns):       { 0.000 25.000 }
Period(ns):         50.000
Sources:            { dbg_hub/inst/BSCANID.u_xsdbm_id/SWITCH_N_EXT_BSCAN.bscan_inst/SERIES7_BSCAN.bscan_inst/INTERNAL_TCK }

Check Type        Corner  Lib Pin     Reference Pin  Required(ns)  Actual(ns)  Slack(ns)  Location       Pin
Min Period        n/a     BUFGCE/I    n/a            1.290         50.000      48.710     BUFGCE_X0Y20   dbg_hub/inst/BSCANID.u_xsdbm_id/SWITCH_N_EXT_BSCAN.u_bufg_icon_tck/I
Low Pulse Width   Slow    RAMD32/CLK  n/a            0.532         25.000      24.468     SLICE_X89Y162  dbg_hub/inst/BSCANID.u_xsdbm_id/CORE_XSDB.UUT_MASTER/U_ICON_INTERFACE/U_CMD6_WR/U_WR_FIFO/SUBCORE_FIFO.xsdbm_v3_0_5_wrfifo_inst/inst_fifo_gen/gconvfifo.rf/grf.rf/gntv_or_sync_fifo.mem/gdm.dm_gen.dm/RAM_reg_0_15_0_13/RAMA/CLK
High Pulse Width  Slow    RAMD32/CLK  n/a            0.532         25.000      24.468     SLICE_X89Y162  dbg_hub/inst/BSCANID.u_xsdbm_id/CORE_XSDB.UUT_MASTER/U_ICON_INTERFACE/U_CMD6_WR/U_WR_FIFO/SUBCORE_FIFO.xsdbm_v3_0_5_wrfifo_inst/inst_fifo_gen/gconvfifo.rf/grf.rf/gntv_or_sync_fifo.mem/gdm.dm_gen.dm/RAM_reg_0_15_0_13/RAMA/CLK



---------------------------------------------------------------------------------------------------
From Clock:  dbg_hub/inst/BSCANID.u_xsdbm_id/SWITCH_N_EXT_BSCAN.bscan_inst/SERIES7_BSCAN.bscan_inst/INTERNAL_TCK
  To Clock:  clk_pl_0

Setup :            0  Failing Endpoints,  Worst Slack       49.648ns,  Total Violation        0.000ns
Hold  :           NA  Failing Endpoints,  Worst Slack           NA  ,  Total Violation           NA
---------------------------------------------------------------------------------------------------


Max Delay Paths
--------------------------------------------------------------------------------------
Slack (MET) :             49.648ns  (required time - arrival time)
  Source:                 dbg_hub/inst/BSCANID.u_xsdbm_id/CORE_XSDB.UUT_MASTER/U_ICON_INTERFACE/U_CMD6_RD/U_RD_FIFO/SUBCORE_FIFO.xsdbm_v3_0_5_rdfifo_inst/inst_fifo_gen/gconvfifo.rf/grf.rf/gntv_or_sync_fifo.gcx.clkx/gnxpm_cdc.rd_pntr_gc_reg[1]/C
                            (rising edge-triggered cell FDCE clocked by dbg_hub/inst/BSCANID.u_xsdbm_id/SWITCH_N_EXT_BSCAN.bscan_inst/SERIES7_BSCAN.bscan_inst/INTERNAL_TCK  {rise@0.000ns fall@25.000ns period=50.000ns})
  Destination:            dbg_hub/inst/BSCANID.u_xsdbm_id/CORE_XSDB.UUT_MASTER/U_ICON_INTERFACE/U_CMD6_RD/U_RD_FIFO/SUBCORE_FIFO.xsdbm_v3_0_5_rdfifo_inst/inst_fifo_gen/gconvfifo.rf/grf.rf/gntv_or_sync_fifo.gcx.clkx/gnxpm_cdc.gsync_stage[1].wr_stg_inst/Q_reg_reg[1]/D
                            (rising edge-triggered cell FDCE clocked by clk_pl_0  {rise@0.000ns fall@3.500ns period=7.000ns})
  Path Group:             clk_pl_0
  Path Type:              Setup (Max at Slow Process Corner)
  Requirement:            50.000ns  (MaxDelay Path 50.000ns)
  Data Path Delay:        0.377ns  (logic 0.080ns (21.220%)  route 0.297ns (78.780%))
  Logic Levels:           0  
  Timing Exception:       MaxDelay Path 50.000ns -datapath_only

    Location             Delay type                Incr(ns)  Path(ns)    Netlist Resource(s)
  -------------------------------------------------------------------    -------------------
    SLICE_X89Y169                                     0.000     0.000 r  dbg_hub/inst/BSCANID.u_xsdbm_id/CORE_XSDB.UUT_MASTER/U_ICON_INTERFACE/U_CMD6_RD/U_RD_FIFO/SUBCORE_FIFO.xsdbm_v3_0_5_rdfifo_inst/inst_fifo_gen/gconvfifo.rf/grf.rf/gntv_or_sync_fifo.gcx.clkx/gnxpm_cdc.rd_pntr_gc_reg[1]/C
    SLICE_X89Y169        FDCE (Prop_DFF2_SLICEM_C_Q)
                                                      0.080     0.080 r  dbg_hub/inst/BSCANID.u_xsdbm_id/CORE_XSDB.UUT_MASTER/U_ICON_INTERFACE/U_CMD6_RD/U_RD_FIFO/SUBCORE_FIFO.xsdbm_v3_0_5_rdfifo_inst/inst_fifo_gen/gconvfifo.rf/grf.rf/gntv_or_sync_fifo.gcx.clkx/gnxpm_cdc.rd_pntr_gc_reg[1]/Q
                         net (fo=1, routed)           0.297     0.377    dbg_hub/inst/BSCANID.u_xsdbm_id/CORE_XSDB.UUT_MASTER/U_ICON_INTERFACE/U_CMD6_RD/U_RD_FIFO/SUBCORE_FIFO.xsdbm_v3_0_5_rdfifo_inst/inst_fifo_gen/gconvfifo.rf/grf.rf/gntv_or_sync_fifo.gcx.clkx/gnxpm_cdc.gsync_stage[1].wr_stg_inst/Q[1]
    SLICE_X91Y169        FDCE                                         r  dbg_hub/inst/BSCANID.u_xsdbm_id/CORE_XSDB.UUT_MASTER/U_ICON_INTERFACE/U_CMD6_RD/U_RD_FIFO/SUBCORE_FIFO.xsdbm_v3_0_5_rdfifo_inst/inst_fifo_gen/gconvfifo.rf/grf.rf/gntv_or_sync_fifo.gcx.clkx/gnxpm_cdc.gsync_stage[1].wr_stg_inst/Q_reg_reg[1]/D
  -------------------------------------------------------------------    -------------------

                         max delay                   50.000    50.000    
    SLICE_X91Y169        FDCE (Setup_HFF2_SLICEL_C_D)
                                                      0.025    50.025    dbg_hub/inst/BSCANID.u_xsdbm_id/CORE_XSDB.UUT_MASTER/U_ICON_INTERFACE/U_CMD6_RD/U_RD_FIFO/SUBCORE_FIFO.xsdbm_v3_0_5_rdfifo_inst/inst_fifo_gen/gconvfifo.rf/grf.rf/gntv_or_sync_fifo.gcx.clkx/gnxpm_cdc.gsync_stage[1].wr_stg_inst/Q_reg_reg[1]
  -------------------------------------------------------------------
                         required time                         50.025    
                         arrival time                          -0.377    
  -------------------------------------------------------------------
                         slack                                 49.648    





---------------------------------------------------------------------------------------------------
From Clock:  clk_pl_0
  To Clock:  dbg_hub/inst/BSCANID.u_xsdbm_id/SWITCH_N_EXT_BSCAN.bscan_inst/SERIES7_BSCAN.bscan_inst/INTERNAL_TCK

Setup :            0  Failing Endpoints,  Worst Slack        6.564ns,  Total Violation        0.000ns
Hold  :           NA  Failing Endpoints,  Worst Slack           NA  ,  Total Violation           NA
---------------------------------------------------------------------------------------------------


Max Delay Paths
--------------------------------------------------------------------------------------
Slack (MET) :             6.564ns  (required time - arrival time)
  Source:                 dbg_hub/inst/BSCANID.u_xsdbm_id/CORE_XSDB.UUT_MASTER/U_ICON_INTERFACE/U_CMD6_RD/U_RD_FIFO/SUBCORE_FIFO.xsdbm_v3_0_5_rdfifo_inst/inst_fifo_gen/gconvfifo.rf/grf.rf/gntv_or_sync_fifo.gcx.clkx/gnxpm_cdc.wr_pntr_gc_reg[3]/C
                            (rising edge-triggered cell FDCE clocked by clk_pl_0  {rise@0.000ns fall@3.500ns period=7.000ns})
  Destination:            dbg_hub/inst/BSCANID.u_xsdbm_id/CORE_XSDB.UUT_MASTER/U_ICON_INTERFACE/U_CMD6_RD/U_RD_FIFO/SUBCORE_FIFO.xsdbm_v3_0_5_rdfifo_inst/inst_fifo_gen/gconvfifo.rf/grf.rf/gntv_or_sync_fifo.gcx.clkx/gnxpm_cdc.gsync_stage[1].rd_stg_inst/Q_reg_reg[3]/D
                            (rising edge-triggered cell FDCE clocked by dbg_hub/inst/BSCANID.u_xsdbm_id/SWITCH_N_EXT_BSCAN.bscan_inst/SERIES7_BSCAN.bscan_inst/INTERNAL_TCK  {rise@0.000ns fall@25.000ns period=50.000ns})
  Path Group:             dbg_hub/inst/BSCANID.u_xsdbm_id/SWITCH_N_EXT_BSCAN.bscan_inst/SERIES7_BSCAN.bscan_inst/INTERNAL_TCK
  Path Type:              Setup (Max at Slow Process Corner)
  Requirement:            7.000ns  (MaxDelay Path 7.000ns)
  Data Path Delay:        0.461ns  (logic 0.076ns (16.486%)  route 0.385ns (83.514%))
  Logic Levels:           0  
  Timing Exception:       MaxDelay Path 7.000ns -datapath_only

    Location             Delay type                Incr(ns)  Path(ns)    Netlist Resource(s)
  -------------------------------------------------------------------    -------------------
    SLICE_X89Y169                                     0.000     0.000 r  dbg_hub/inst/BSCANID.u_xsdbm_id/CORE_XSDB.UUT_MASTER/U_ICON_INTERFACE/U_CMD6_RD/U_RD_FIFO/SUBCORE_FIFO.xsdbm_v3_0_5_rdfifo_inst/inst_fifo_gen/gconvfifo.rf/grf.rf/gntv_or_sync_fifo.gcx.clkx/gnxpm_cdc.wr_pntr_gc_reg[3]/C
    SLICE_X89Y169        FDCE (Prop_EFF_SLICEM_C_Q)
                                                      0.076     0.076 r  dbg_hub/inst/BSCANID.u_xsdbm_id/CORE_XSDB.UUT_MASTER/U_ICON_INTERFACE/U_CMD6_RD/U_RD_FIFO/SUBCORE_FIFO.xsdbm_v3_0_5_rdfifo_inst/inst_fifo_gen/gconvfifo.rf/grf.rf/gntv_or_sync_fifo.gcx.clkx/gnxpm_cdc.wr_pntr_gc_reg[3]/Q
                         net (fo=1, routed)           0.385     0.461    dbg_hub/inst/BSCANID.u_xsdbm_id/CORE_XSDB.UUT_MASTER/U_ICON_INTERFACE/U_CMD6_RD/U_RD_FIFO/SUBCORE_FIFO.xsdbm_v3_0_5_rdfifo_inst/inst_fifo_gen/gconvfifo.rf/grf.rf/gntv_or_sync_fifo.gcx.clkx/gnxpm_cdc.gsync_stage[1].rd_stg_inst/Q[3]
    SLICE_X89Y169        FDCE                                         r  dbg_hub/inst/BSCANID.u_xsdbm_id/CORE_XSDB.UUT_MASTER/U_ICON_INTERFACE/U_CMD6_RD/U_RD_FIFO/SUBCORE_FIFO.xsdbm_v3_0_5_rdfifo_inst/inst_fifo_gen/gconvfifo.rf/grf.rf/gntv_or_sync_fifo.gcx.clkx/gnxpm_cdc.gsync_stage[1].rd_stg_inst/Q_reg_reg[3]/D
  -------------------------------------------------------------------    -------------------

                         max delay                    7.000     7.000    
    SLICE_X89Y169        FDCE (Setup_BFF2_SLICEM_C_D)
                                                      0.025     7.025    dbg_hub/inst/BSCANID.u_xsdbm_id/CORE_XSDB.UUT_MASTER/U_ICON_INTERFACE/U_CMD6_RD/U_RD_FIFO/SUBCORE_FIFO.xsdbm_v3_0_5_rdfifo_inst/inst_fifo_gen/gconvfifo.rf/grf.rf/gntv_or_sync_fifo.gcx.clkx/gnxpm_cdc.gsync_stage[1].rd_stg_inst/Q_reg_reg[3]
  -------------------------------------------------------------------
                         required time                          7.025    
                         arrival time                          -0.461    
  -------------------------------------------------------------------
                         slack                                  6.564    





---------------------------------------------------------------------------------------------------
Path Group:  **async_default**
From Clock:  clk_pl_0
  To Clock:  clk_pl_0

Setup :            0  Failing Endpoints,  Worst Slack        5.795ns,  Total Violation        0.000ns
Hold  :            0  Failing Endpoints,  Worst Slack        0.104ns,  Total Violation        0.000ns
---------------------------------------------------------------------------------------------------


Max Delay Paths
--------------------------------------------------------------------------------------
Slack (MET) :             5.795ns  (required time - arrival time)
  Source:                 dbg_hub/inst/BSCANID.u_xsdbm_id/CORE_XSDB.UUT_MASTER/U_ICON_INTERFACE/U_CMD1/ctl_reg_reg[0]/C
                            (rising edge-triggered cell FDRE clocked by clk_pl_0  {rise@0.000ns fall@3.500ns period=7.000ns})
  Destination:            dbg_hub/inst/BSCANID.u_xsdbm_id/CORE_XSDB.UUT_MASTER/U_XSDB_BUS_CONTROLLER/FSM_onehot_current_state_reg[9]/CLR
                            (recovery check against rising-edge clock clk_pl_0  {rise@0.000ns fall@3.500ns period=7.000ns})
  Path Group:             **async_default**
  Path Type:              Recovery (Max at Slow Process Corner)
  Requirement:            7.000ns  (clk_pl_0 rise@7.000ns - clk_pl_0 rise@0.000ns)
  Data Path Delay:        0.931ns  (logic 0.079ns (8.489%)  route 0.852ns (91.511%))
  Logic Levels:           0  
  Clock Path Skew:        -0.066ns (DCD - SCD + CPR)
    Destination Clock Delay (DCD):    2.083ns = ( 9.083 - 7.000 ) 
    Source Clock Delay      (SCD):    2.352ns
    Clock Pessimism Removal (CPR):    0.203ns
  Clock Uncertainty:      0.142ns  ((TSJ^2 + DJ^2)^1/2) / 2 + PE
    Total System Jitter     (TSJ):    0.071ns
    Discrete Jitter          (DJ):    0.276ns
    Phase Error              (PE):    0.000ns
  Clock Net Delay (Source):      2.105ns (routing 0.959ns, distribution 1.146ns)
  Clock Net Delay (Destination): 1.885ns (routing 0.868ns, distribution 1.017ns)

    Location             Delay type                Incr(ns)  Path(ns)    Netlist Resource(s)
  -------------------------------------------------------------------    -------------------
                         (clock clk_pl_0 rise edge)
                                                      0.000     0.000 r  
    PS8_X0Y0             PS8                          0.000     0.000 r  jfs_i/ps/inst/PS8_i/PLCLK[0]
                         net (fo=1, routed)           0.219     0.219    jfs_i/ps/inst/pl_clk_unbuffered[0]
    BUFG_PS_X0Y56        BUFG_PS (Prop_BUFG_PS_I_O)
                                                      0.028     0.247 r  jfs_i/ps/inst/buffer_pl_clk_0.PL_CLK_0_BUFG/O
    X2Y1 (CLOCK_ROOT)    net (fo=5084, routed)        2.105     2.352    dbg_hub/inst/BSCANID.u_xsdbm_id/CORE_XSDB.UUT_MASTER/U_ICON_INTERFACE/U_CMD1/clk
    SLICE_X88Y160        FDRE                                         r  dbg_hub/inst/BSCANID.u_xsdbm_id/CORE_XSDB.UUT_MASTER/U_ICON_INTERFACE/U_CMD1/ctl_reg_reg[0]/C
  -------------------------------------------------------------------    -------------------
    SLICE_X88Y160        FDRE (Prop_HFF_SLICEL_C_Q)
                                                      0.079     2.431 f  dbg_hub/inst/BSCANID.u_xsdbm_id/CORE_XSDB.UUT_MASTER/U_ICON_INTERFACE/U_CMD1/ctl_reg_reg[0]/Q
                         net (fo=176, routed)         0.852     3.283    dbg_hub/inst/BSCANID.u_xsdbm_id/CORE_XSDB.UUT_MASTER/U_XSDB_BUS_CONTROLLER/out[0]
    SLICE_X92Y161        FDCE                                         f  dbg_hub/inst/BSCANID.u_xsdbm_id/CORE_XSDB.UUT_MASTER/U_XSDB_BUS_CONTROLLER/FSM_onehot_current_state_reg[9]/CLR
  -------------------------------------------------------------------    -------------------

                         (clock clk_pl_0 rise edge)
                                                      7.000     7.000 r  
    PS8_X0Y0             PS8                          0.000     7.000 r  jfs_i/ps/inst/PS8_i/PLCLK[0]
                         net (fo=1, routed)           0.173     7.173    jfs_i/ps/inst/pl_clk_unbuffered[0]
    BUFG_PS_X0Y56        BUFG_PS (Prop_BUFG_PS_I_O)
                                                      0.025     7.198 r  jfs_i/ps/inst/buffer_pl_clk_0.PL_CLK_0_BUFG/O
    X2Y1 (CLOCK_ROOT)    net (fo=5084, routed)        1.885     9.083    dbg_hub/inst/BSCANID.u_xsdbm_id/CORE_XSDB.UUT_MASTER/U_XSDB_BUS_CONTROLLER/clk
    SLICE_X92Y161        FDCE                                         r  dbg_hub/inst/BSCANID.u_xsdbm_id/CORE_XSDB.UUT_MASTER/U_XSDB_BUS_CONTROLLER/FSM_onehot_current_state_reg[9]/C
                         clock pessimism              0.203     9.286    
                         clock uncertainty           -0.142     9.144    
    SLICE_X92Y161        FDCE (Recov_BFF_SLICEL_C_CLR)
                                                     -0.066     9.078    dbg_hub/inst/BSCANID.u_xsdbm_id/CORE_XSDB.UUT_MASTER/U_XSDB_BUS_CONTROLLER/FSM_onehot_current_state_reg[9]
  -------------------------------------------------------------------
                         required time                          9.078    
                         arrival time                          -3.283    
  -------------------------------------------------------------------
                         slack                                  5.795    





Min Delay Paths
--------------------------------------------------------------------------------------
Slack (MET) :             0.104ns  (arrival time - required time)
  Source:                 dbg_hub/inst/BSCANID.u_xsdbm_id/CORE_XSDB.UUT_MASTER/U_ICON_INTERFACE/U_CMD6_WR/U_WR_FIFO/SUBCORE_FIFO.xsdbm_v3_0_5_wrfifo_inst/inst_fifo_gen/gconvfifo.rf/grf.rf/rstblk/ngwrdrst.grst.g7serrst.rst_rd_reg2_reg/C
                            (rising edge-triggered cell FDPE clocked by clk_pl_0  {rise@0.000ns fall@3.500ns period=7.000ns})
  Destination:            dbg_hub/inst/BSCANID.u_xsdbm_id/CORE_XSDB.UUT_MASTER/U_ICON_INTERFACE/U_CMD6_WR/U_WR_FIFO/SUBCORE_FIFO.xsdbm_v3_0_5_wrfifo_inst/inst_fifo_gen/gconvfifo.rf/grf.rf/rstblk/ngwrdrst.grst.g7serrst.rd_rst_asreg_reg/PRE
                            (removal check against rising-edge clock clk_pl_0  {rise@0.000ns fall@3.500ns period=7.000ns})
  Path Group:             **async_default**
  Path Type:              Removal (Min at Fast Process Corner)
  Requirement:            0.000ns  (clk_pl_0 rise@0.000ns - clk_pl_0 rise@0.000ns)
  Data Path Delay:        0.130ns  (logic 0.040ns (30.769%)  route 0.090ns (69.231%))
  Logic Levels:           0  
  Clock Path Skew:        0.046ns (DCD - SCD - CPR)
    Destination Clock Delay (DCD):    1.502ns
    Source Clock Delay      (SCD):    1.318ns
    Clock Pessimism Removal (CPR):    0.139ns
  Clock Net Delay (Source):      1.146ns (routing 0.519ns, distribution 0.627ns)
  Clock Net Delay (Destination): 1.288ns (routing 0.577ns, distribution 0.711ns)

    Location             Delay type                Incr(ns)  Path(ns)    Netlist Resource(s)
  -------------------------------------------------------------------    -------------------
                         (clock clk_pl_0 rise edge)
                                                      0.000     0.000 r  
    PS8_X0Y0             PS8                          0.000     0.000 r  jfs_i/ps/inst/PS8_i/PLCLK[0]
                         net (fo=1, routed)           0.155     0.155    jfs_i/ps/inst/pl_clk_unbuffered[0]
    BUFG_PS_X0Y56        BUFG_PS (Prop_BUFG_PS_I_O)
                                                      0.017     0.172 r  jfs_i/ps/inst/buffer_pl_clk_0.PL_CLK_0_BUFG/O
    X2Y1 (CLOCK_ROOT)    net (fo=5084, routed)        1.146     1.318    dbg_hub/inst/BSCANID.u_xsdbm_id/CORE_XSDB.UUT_MASTER/U_ICON_INTERFACE/U_CMD6_WR/U_WR_FIFO/SUBCORE_FIFO.xsdbm_v3_0_5_wrfifo_inst/inst_fifo_gen/gconvfifo.rf/grf.rf/rstblk/rd_clk
    SLICE_X85Y159        FDPE                                         r  dbg_hub/inst/BSCANID.u_xsdbm_id/CORE_XSDB.UUT_MASTER/U_ICON_INTERFACE/U_CMD6_WR/U_WR_FIFO/SUBCORE_FIFO.xsdbm_v3_0_5_wrfifo_inst/inst_fifo_gen/gconvfifo.rf/grf.rf/rstblk/ngwrdrst.grst.g7serrst.rst_rd_reg2_reg/C
  -------------------------------------------------------------------    -------------------
    SLICE_X85Y159        FDPE (Prop_AFF2_SLICEL_C_Q)
                                                      0.040     1.358 f  dbg_hub/inst/BSCANID.u_xsdbm_id/CORE_XSDB.UUT_MASTER/U_ICON_INTERFACE/U_CMD6_WR/U_WR_FIFO/SUBCORE_FIFO.xsdbm_v3_0_5_wrfifo_inst/inst_fifo_gen/gconvfifo.rf/grf.rf/rstblk/ngwrdrst.grst.g7serrst.rst_rd_reg2_reg/Q
                         net (fo=1, routed)           0.090     1.448    dbg_hub/inst/BSCANID.u_xsdbm_id/CORE_XSDB.UUT_MASTER/U_ICON_INTERFACE/U_CMD6_WR/U_WR_FIFO/SUBCORE_FIFO.xsdbm_v3_0_5_wrfifo_inst/inst_fifo_gen/gconvfifo.rf/grf.rf/rstblk/ngwrdrst.grst.rst_rd_reg2
    SLICE_X84Y159        FDPE                                         f  dbg_hub/inst/BSCANID.u_xsdbm_id/CORE_XSDB.UUT_MASTER/U_ICON_INTERFACE/U_CMD6_WR/U_WR_FIFO/SUBCORE_FIFO.xsdbm_v3_0_5_wrfifo_inst/inst_fifo_gen/gconvfifo.rf/grf.rf/rstblk/ngwrdrst.grst.g7serrst.rd_rst_asreg_reg/PRE
  -------------------------------------------------------------------    -------------------

                         (clock clk_pl_0 rise edge)
                                                      0.000     0.000 r  
    PS8_X0Y0             PS8                          0.000     0.000 r  jfs_i/ps/inst/PS8_i/PLCLK[0]
                         net (fo=1, routed)           0.196     0.196    jfs_i/ps/inst/pl_clk_unbuffered[0]
    BUFG_PS_X0Y56        BUFG_PS (Prop_BUFG_PS_I_O)
                                                      0.018     0.214 r  jfs_i/ps/inst/buffer_pl_clk_0.PL_CLK_0_BUFG/O
    X2Y1 (CLOCK_ROOT)    net (fo=5084, routed)        1.288     1.502    dbg_hub/inst/BSCANID.u_xsdbm_id/CORE_XSDB.UUT_MASTER/U_ICON_INTERFACE/U_CMD6_WR/U_WR_FIFO/SUBCORE_FIFO.xsdbm_v3_0_5_wrfifo_inst/inst_fifo_gen/gconvfifo.rf/grf.rf/rstblk/rd_clk
    SLICE_X84Y159        FDPE                                         r  dbg_hub/inst/BSCANID.u_xsdbm_id/CORE_XSDB.UUT_MASTER/U_ICON_INTERFACE/U_CMD6_WR/U_WR_FIFO/SUBCORE_FIFO.xsdbm_v3_0_5_wrfifo_inst/inst_fifo_gen/gconvfifo.rf/grf.rf/rstblk/ngwrdrst.grst.g7serrst.rd_rst_asreg_reg/C
                         clock pessimism             -0.139     1.363    
    SLICE_X84Y159        FDPE (Remov_DFF2_SLICEL_C_PRE)
                                                     -0.020     1.343    dbg_hub/inst/BSCANID.u_xsdbm_id/CORE_XSDB.UUT_MASTER/U_ICON_INTERFACE/U_CMD6_WR/U_WR_FIFO/SUBCORE_FIFO.xsdbm_v3_0_5_wrfifo_inst/inst_fifo_gen/gconvfifo.rf/grf.rf/rstblk/ngwrdrst.grst.g7serrst.rd_rst_asreg_reg
  -------------------------------------------------------------------
                         required time                         -1.343    
                         arrival time                           1.448    
  -------------------------------------------------------------------
                         slack                                  0.104    





---------------------------------------------------------------------------------------------------
Path Group:  **async_default**
From Clock:  dbg_hub/inst/BSCANID.u_xsdbm_id/SWITCH_N_EXT_BSCAN.bscan_inst/SERIES7_BSCAN.bscan_inst/INTERNAL_TCK
  To Clock:  dbg_hub/inst/BSCANID.u_xsdbm_id/SWITCH_N_EXT_BSCAN.bscan_inst/SERIES7_BSCAN.bscan_inst/INTERNAL_TCK

Setup :            0  Failing Endpoints,  Worst Slack       48.017ns,  Total Violation        0.000ns
Hold  :            0  Failing Endpoints,  Worst Slack        0.093ns,  Total Violation        0.000ns
---------------------------------------------------------------------------------------------------


Max Delay Paths
--------------------------------------------------------------------------------------
Slack (MET) :             48.017ns  (required time - arrival time)
  Source:                 dbg_hub/inst/BSCANID.u_xsdbm_id/SWITCH_N_EXT_BSCAN.bscan_switch/portno_reg[3]/C
                            (rising edge-triggered cell FDRE clocked by dbg_hub/inst/BSCANID.u_xsdbm_id/SWITCH_N_EXT_BSCAN.bscan_inst/SERIES7_BSCAN.bscan_inst/INTERNAL_TCK  {rise@0.000ns fall@25.000ns period=50.000ns})
  Destination:            dbg_hub/inst/BSCANID.u_xsdbm_id/CORE_XSDB.U_ICON/U_CMD/iTARGET_reg[14]/CLR
                            (recovery check against rising-edge clock dbg_hub/inst/BSCANID.u_xsdbm_id/SWITCH_N_EXT_BSCAN.bscan_inst/SERIES7_BSCAN.bscan_inst/INTERNAL_TCK  {rise@0.000ns fall@25.000ns period=50.000ns})
  Path Group:             **async_default**
  Path Type:              Recovery (Max at Slow Process Corner)
  Requirement:            50.000ns  (dbg_hub/inst/BSCANID.u_xsdbm_id/SWITCH_N_EXT_BSCAN.bscan_inst/SERIES7_BSCAN.bscan_inst/INTERNAL_TCK rise@50.000ns - dbg_hub/inst/BSCANID.u_xsdbm_id/SWITCH_N_EXT_BSCAN.bscan_inst/SERIES7_BSCAN.bscan_inst/INTERNAL_TCK rise@0.000ns)
  Data Path Delay:        1.792ns  (logic 0.389ns (21.709%)  route 1.403ns (78.291%))
  Logic Levels:           2  (LUT4=1 LUT6=1)
  Clock Path Skew:        -0.090ns (DCD - SCD + CPR)
    Destination Clock Delay (DCD):    3.204ns = ( 53.204 - 50.000 ) 
    Source Clock Delay      (SCD):    7.728ns
    Clock Pessimism Removal (CPR):    4.434ns
  Clock Uncertainty:      0.035ns  ((TSJ^2 + TIJ^2)^1/2 + DJ) / 2 + PE
    Total System Jitter     (TSJ):    0.071ns
    Total Input Jitter      (TIJ):    0.000ns
    Discrete Jitter          (DJ):    0.000ns
    Phase Error              (PE):    0.000ns
  Clock Net Delay (Source):      1.773ns (routing 0.902ns, distribution 0.871ns)
  Clock Net Delay (Destination): 1.602ns (routing 0.821ns, distribution 0.781ns)

    Location             Delay type                Incr(ns)  Path(ns)    Netlist Resource(s)
  -------------------------------------------------------------------    -------------------
                         (clock dbg_hub/inst/BSCANID.u_xsdbm_id/SWITCH_N_EXT_BSCAN.bscan_inst/SERIES7_BSCAN.bscan_inst/INTERNAL_TCK rise edge)
                                                      0.000     0.000 r  
    CONFIG_SITE_X0Y0     BSCANE2                      0.000     0.000 r  dbg_hub/inst/BSCANID.u_xsdbm_id/SWITCH_N_EXT_BSCAN.bscan_inst/SERIES7_BSCAN.bscan_inst/INTERNAL_TCK
    CONFIG_SITE_X0Y0     BSCANE2 (Prop_BSCAN1_CONFIG_SITE_INTERNAL_TCK_TCK)
                                                      4.300     4.300 r  dbg_hub/inst/BSCANID.u_xsdbm_id/SWITCH_N_EXT_BSCAN.bscan_inst/SERIES7_BSCAN.bscan_inst/TCK
                         net (fo=1, routed)           1.627     5.927    dbg_hub/inst/BSCANID.u_xsdbm_id/tck_bs
    BUFGCE_X0Y20         BUFGCE (Prop_BUFCE_BUFGCE_I_O)
                                                      0.028     5.955 r  dbg_hub/inst/BSCANID.u_xsdbm_id/SWITCH_N_EXT_BSCAN.u_bufg_icon_tck/O
    X3Y1 (CLOCK_ROOT)    net (fo=478, routed)         1.773     7.728    dbg_hub/inst/BSCANID.u_xsdbm_id/SWITCH_N_EXT_BSCAN.bscan_switch/s_bscan_tck
    SLICE_X86Y104        FDRE                                         r  dbg_hub/inst/BSCANID.u_xsdbm_id/SWITCH_N_EXT_BSCAN.bscan_switch/portno_reg[3]/C
  -------------------------------------------------------------------    -------------------
    SLICE_X86Y104        FDRE (Prop_FFF2_SLICEL_C_Q)
                                                      0.081     7.809 f  dbg_hub/inst/BSCANID.u_xsdbm_id/SWITCH_N_EXT_BSCAN.bscan_switch/portno_reg[3]/Q
                         net (fo=1, routed)           0.198     8.007    dbg_hub/inst/BSCANID.u_xsdbm_id/SWITCH_N_EXT_BSCAN.bscan_switch/portno[3]
    SLICE_X86Y104        LUT6 (Prop_H6LUT_SLICEL_I0_O)
                                                      0.150     8.157 f  dbg_hub/inst/BSCANID.u_xsdbm_id/SWITCH_N_EXT_BSCAN.bscan_switch/m_bscan_drck[0]_INST_0_i_1/O
                         net (fo=5, routed)           0.256     8.413    dbg_hub/inst/BSCANID.u_xsdbm_id/SWITCH_N_EXT_BSCAN.bscan_switch/m_bscan_drck[0]_INST_0_i_1_n_0
    SLICE_X87Y102        LUT4 (Prop_C5LUT_SLICEL_I3_O)
                                                      0.158     8.571 r  dbg_hub/inst/BSCANID.u_xsdbm_id/SWITCH_N_EXT_BSCAN.bscan_switch/m_bscan_sel[0]_INST_0/O
                         net (fo=11, routed)          0.948     9.520    dbg_hub/inst/BSCANID.u_xsdbm_id/CORE_XSDB.U_ICON/U_CMD/iTARGET_reg[6]_0
    SLICE_X88Y154        FDCE                                         f  dbg_hub/inst/BSCANID.u_xsdbm_id/CORE_XSDB.U_ICON/U_CMD/iTARGET_reg[14]/CLR  (IS_INVERTED)
  -------------------------------------------------------------------    -------------------

                         (clock dbg_hub/inst/BSCANID.u_xsdbm_id/SWITCH_N_EXT_BSCAN.bscan_inst/SERIES7_BSCAN.bscan_inst/INTERNAL_TCK rise edge)
                                                     50.000    50.000 r  
    CONFIG_SITE_X0Y0     BSCANE2                      0.000    50.000 r  dbg_hub/inst/BSCANID.u_xsdbm_id/SWITCH_N_EXT_BSCAN.bscan_inst/SERIES7_BSCAN.bscan_inst/INTERNAL_TCK
    CONFIG_SITE_X0Y0     BSCANE2 (Prop_BSCAN1_CONFIG_SITE_INTERNAL_TCK_TCK)
                                                      0.465    50.465 r  dbg_hub/inst/BSCANID.u_xsdbm_id/SWITCH_N_EXT_BSCAN.bscan_inst/SERIES7_BSCAN.bscan_inst/TCK
                         net (fo=1, routed)           1.113    51.578    dbg_hub/inst/BSCANID.u_xsdbm_id/tck_bs
    BUFGCE_X0Y20         BUFGCE (Prop_BUFCE_BUFGCE_I_O)
                                                      0.024    51.602 r  dbg_hub/inst/BSCANID.u_xsdbm_id/SWITCH_N_EXT_BSCAN.u_bufg_icon_tck/O
    X3Y1 (CLOCK_ROOT)    net (fo=478, routed)         1.602    53.204    dbg_hub/inst/BSCANID.u_xsdbm_id/CORE_XSDB.U_ICON/U_CMD/m_bscan_tck[0]
    SLICE_X88Y154        FDCE                                         r  dbg_hub/inst/BSCANID.u_xsdbm_id/CORE_XSDB.U_ICON/U_CMD/iTARGET_reg[14]/C
                         clock pessimism              4.434    57.638    
                         clock uncertainty           -0.035    57.603    
    SLICE_X88Y154        FDCE (Recov_AFF_SLICEL_C_CLR)
                                                     -0.066    57.537    dbg_hub/inst/BSCANID.u_xsdbm_id/CORE_XSDB.U_ICON/U_CMD/iTARGET_reg[14]
  -------------------------------------------------------------------
                         required time                         57.537    
                         arrival time                          -9.520    
  -------------------------------------------------------------------
                         slack                                 48.017    





Min Delay Paths
--------------------------------------------------------------------------------------
Slack (MET) :             0.093ns  (arrival time - required time)
  Source:                 dbg_hub/inst/BSCANID.u_xsdbm_id/CORE_XSDB.UUT_MASTER/U_ICON_INTERFACE/U_CMD6_RD/U_RD_FIFO/SUBCORE_FIFO.xsdbm_v3_0_5_rdfifo_inst/inst_fifo_gen/gconvfifo.rf/grf.rf/rstblk/ngwrdrst.grst.g7serrst.rst_rd_reg2_reg/C
                            (rising edge-triggered cell FDPE clocked by dbg_hub/inst/BSCANID.u_xsdbm_id/SWITCH_N_EXT_BSCAN.bscan_inst/SERIES7_BSCAN.bscan_inst/INTERNAL_TCK  {rise@0.000ns fall@25.000ns period=50.000ns})
  Destination:            dbg_hub/inst/BSCANID.u_xsdbm_id/CORE_XSDB.UUT_MASTER/U_ICON_INTERFACE/U_CMD6_RD/U_RD_FIFO/SUBCORE_FIFO.xsdbm_v3_0_5_rdfifo_inst/inst_fifo_gen/gconvfifo.rf/grf.rf/rstblk/ngwrdrst.grst.g7serrst.rd_rst_asreg_reg/PRE
                            (removal check against rising-edge clock dbg_hub/inst/BSCANID.u_xsdbm_id/SWITCH_N_EXT_BSCAN.bscan_inst/SERIES7_BSCAN.bscan_inst/INTERNAL_TCK  {rise@0.000ns fall@25.000ns period=50.000ns})
  Path Group:             **async_default**
  Path Type:              Removal (Min at Fast Process Corner)
  Requirement:            0.000ns  (dbg_hub/inst/BSCANID.u_xsdbm_id/SWITCH_N_EXT_BSCAN.bscan_inst/SERIES7_BSCAN.bscan_inst/INTERNAL_TCK rise@0.000ns - dbg_hub/inst/BSCANID.u_xsdbm_id/SWITCH_N_EXT_BSCAN.bscan_inst/SERIES7_BSCAN.bscan_inst/INTERNAL_TCK rise@0.000ns)
  Data Path Delay:        0.130ns  (logic 0.040ns (30.769%)  route 0.090ns (69.231%))
  Logic Levels:           0  
  Clock Path Skew:        0.057ns (DCD - SCD - CPR)
    Destination Clock Delay (DCD):    6.576ns
    Source Clock Delay      (SCD):    2.331ns
    Clock Pessimism Removal (CPR):    4.188ns
  Clock Net Delay (Source):      0.988ns (routing 0.491ns, distribution 0.497ns)
  Clock Net Delay (Destination): 1.127ns (routing 0.547ns, distribution 0.580ns)

    Location             Delay type                Incr(ns)  Path(ns)    Netlist Resource(s)
  -------------------------------------------------------------------    -------------------
                         (clock dbg_hub/inst/BSCANID.u_xsdbm_id/SWITCH_N_EXT_BSCAN.bscan_inst/SERIES7_BSCAN.bscan_inst/INTERNAL_TCK rise edge)
                                                      0.000     0.000 r  
    CONFIG_SITE_X0Y0     BSCANE2                      0.000     0.000 r  dbg_hub/inst/BSCANID.u_xsdbm_id/SWITCH_N_EXT_BSCAN.bscan_inst/SERIES7_BSCAN.bscan_inst/INTERNAL_TCK
    CONFIG_SITE_X0Y0     BSCANE2 (Prop_BSCAN1_CONFIG_SITE_INTERNAL_TCK_TCK)
                                                      0.465     0.465 r  dbg_hub/inst/BSCANID.u_xsdbm_id/SWITCH_N_EXT_BSCAN.bscan_inst/SERIES7_BSCAN.bscan_inst/TCK
                         net (fo=1, routed)           0.861     1.326    dbg_hub/inst/BSCANID.u_xsdbm_id/tck_bs
    BUFGCE_X0Y20         BUFGCE (Prop_BUFCE_BUFGCE_I_O)
                                                      0.017     1.343 r  dbg_hub/inst/BSCANID.u_xsdbm_id/SWITCH_N_EXT_BSCAN.u_bufg_icon_tck/O
    X3Y1 (CLOCK_ROOT)    net (fo=478, routed)         0.988     2.331    dbg_hub/inst/BSCANID.u_xsdbm_id/CORE_XSDB.UUT_MASTER/U_ICON_INTERFACE/U_CMD6_RD/U_RD_FIFO/SUBCORE_FIFO.xsdbm_v3_0_5_rdfifo_inst/inst_fifo_gen/gconvfifo.rf/grf.rf/rstblk/rd_clk
    SLICE_X92Y167        FDPE                                         r  dbg_hub/inst/BSCANID.u_xsdbm_id/CORE_XSDB.UUT_MASTER/U_ICON_INTERFACE/U_CMD6_RD/U_RD_FIFO/SUBCORE_FIFO.xsdbm_v3_0_5_rdfifo_inst/inst_fifo_gen/gconvfifo.rf/grf.rf/rstblk/ngwrdrst.grst.g7serrst.rst_rd_reg2_reg/C
  -------------------------------------------------------------------    -------------------
    SLICE_X92Y167        FDPE (Prop_AFF2_SLICEL_C_Q)
                                                      0.040     2.371 f  dbg_hub/inst/BSCANID.u_xsdbm_id/CORE_XSDB.UUT_MASTER/U_ICON_INTERFACE/U_CMD6_RD/U_RD_FIFO/SUBCORE_FIFO.xsdbm_v3_0_5_rdfifo_inst/inst_fifo_gen/gconvfifo.rf/grf.rf/rstblk/ngwrdrst.grst.g7serrst.rst_rd_reg2_reg/Q
                         net (fo=1, routed)           0.090     2.461    dbg_hub/inst/BSCANID.u_xsdbm_id/CORE_XSDB.UUT_MASTER/U_ICON_INTERFACE/U_CMD6_RD/U_RD_FIFO/SUBCORE_FIFO.xsdbm_v3_0_5_rdfifo_inst/inst_fifo_gen/gconvfifo.rf/grf.rf/rstblk/ngwrdrst.grst.rst_rd_reg2
    SLICE_X91Y167        FDPE                                         f  dbg_hub/inst/BSCANID.u_xsdbm_id/CORE_XSDB.UUT_MASTER/U_ICON_INTERFACE/U_CMD6_RD/U_RD_FIFO/SUBCORE_FIFO.xsdbm_v3_0_5_rdfifo_inst/inst_fifo_gen/gconvfifo.rf/grf.rf/rstblk/ngwrdrst.grst.g7serrst.rd_rst_asreg_reg/PRE
  -------------------------------------------------------------------    -------------------

                         (clock dbg_hub/inst/BSCANID.u_xsdbm_id/SWITCH_N_EXT_BSCAN.bscan_inst/SERIES7_BSCAN.bscan_inst/INTERNAL_TCK rise edge)
                                                      0.000     0.000 r  
    CONFIG_SITE_X0Y0     BSCANE2                      0.000     0.000 r  dbg_hub/inst/BSCANID.u_xsdbm_id/SWITCH_N_EXT_BSCAN.bscan_inst/SERIES7_BSCAN.bscan_inst/INTERNAL_TCK
    CONFIG_SITE_X0Y0     BSCANE2 (Prop_BSCAN1_CONFIG_SITE_INTERNAL_TCK_TCK)
                                                      4.300     4.300 r  dbg_hub/inst/BSCANID.u_xsdbm_id/SWITCH_N_EXT_BSCAN.bscan_inst/SERIES7_BSCAN.bscan_inst/TCK
                         net (fo=1, routed)           1.130     5.430    dbg_hub/inst/BSCANID.u_xsdbm_id/tck_bs
    BUFGCE_X0Y20         BUFGCE (Prop_BUFCE_BUFGCE_I_O)
                                                      0.019     5.449 r  dbg_hub/inst/BSCANID.u_xsdbm_id/SWITCH_N_EXT_BSCAN.u_bufg_icon_tck/O
    X3Y1 (CLOCK_ROOT)    net (fo=478, routed)         1.127     6.576    dbg_hub/inst/BSCANID.u_xsdbm_id/CORE_XSDB.UUT_MASTER/U_ICON_INTERFACE/U_CMD6_RD/U_RD_FIFO/SUBCORE_FIFO.xsdbm_v3_0_5_rdfifo_inst/inst_fifo_gen/gconvfifo.rf/grf.rf/rstblk/rd_clk
    SLICE_X91Y167        FDPE                                         r  dbg_hub/inst/BSCANID.u_xsdbm_id/CORE_XSDB.UUT_MASTER/U_ICON_INTERFACE/U_CMD6_RD/U_RD_FIFO/SUBCORE_FIFO.xsdbm_v3_0_5_rdfifo_inst/inst_fifo_gen/gconvfifo.rf/grf.rf/rstblk/ngwrdrst.grst.g7serrst.rd_rst_asreg_reg/C
                         clock pessimism             -4.188     2.388    
    SLICE_X91Y167        FDPE (Remov_HFF2_SLICEL_C_PRE)
                                                     -0.020     2.368    dbg_hub/inst/BSCANID.u_xsdbm_id/CORE_XSDB.UUT_MASTER/U_ICON_INTERFACE/U_CMD6_RD/U_RD_FIFO/SUBCORE_FIFO.xsdbm_v3_0_5_rdfifo_inst/inst_fifo_gen/gconvfifo.rf/grf.rf/rstblk/ngwrdrst.grst.g7serrst.rd_rst_asreg_reg
  -------------------------------------------------------------------
                         required time                         -2.368    
                         arrival time                           2.461    
  -------------------------------------------------------------------
                         slack                                  0.093    





